#! /usr/bin/vvp
:ivl_version "11.0 (stable)";
:ivl_delay_selection "TYPICAL";
:vpi_time_precision + 0;
:vpi_module "/usr/lib/x86_64-linux-gnu/ivl/system.vpi";
:vpi_module "/usr/lib/x86_64-linux-gnu/ivl/vhdl_sys.vpi";
:vpi_module "/usr/lib/x86_64-linux-gnu/ivl/vhdl_textio.vpi";
:vpi_module "/usr/lib/x86_64-linux-gnu/ivl/v2005_math.vpi";
:vpi_module "/usr/lib/x86_64-linux-gnu/ivl/va_math.vpi";
S_0x56265b04fc00 .scope module, "main" "main" 2 803;
 .timescale 0 0;
v0x56265b0770d0_0 .var "CLK", 0 0;
v0x56265b077190_0 .net "HI", 7 0, L_0x56265b08b810;  1 drivers
v0x56265b077250_0 .net "LO", 7 0, L_0x56265b08d1d0;  1 drivers
v0x56265b077320_0 .net "RH0", 7 0, L_0x56265b08d2d0;  1 drivers
v0x56265b0773f0_0 .net "RH1", 7 0, L_0x56265b08d390;  1 drivers
v0x56265b0774e0_0 .net "RH2", 7 0, L_0x56265b08d450;  1 drivers
v0x56265b0775b0_0 .net "RH3", 7 0, L_0x56265b08d570;  1 drivers
v0x56265b077680_0 .net "RH4", 7 0, L_0x56265b08d5e0;  1 drivers
v0x56265b077750_0 .net "RH5", 7 0, L_0x56265b08d710;  1 drivers
v0x56265b0778b0_0 .net "RH6", 7 0, L_0x56265b08d7d0;  1 drivers
v0x56265b077980_0 .net "RH7", 7 0, L_0x56265b08d6a0;  1 drivers
v0x56265b077a50_0 .var/i "i", 31 0;
S_0x56265b04e380 .scope module, "cpu_instance" "CPU" 2 816, 2 450 0, S_0x56265b04fc00;
 .timescale 0 0;
    .port_info 0 /INPUT 1 "CLK";
    .port_info 1 /OUTPUT 8 "HI";
    .port_info 2 /OUTPUT 8 "LO";
    .port_info 3 /OUTPUT 8 "RH0";
    .port_info 4 /OUTPUT 8 "RH1";
    .port_info 5 /OUTPUT 8 "RH2";
    .port_info 6 /OUTPUT 8 "RH3";
    .port_info 7 /OUTPUT 8 "RH4";
    .port_info 8 /OUTPUT 8 "RH5";
    .port_info 9 /OUTPUT 8 "RH6";
    .port_info 10 /OUTPUT 8 "RH7";
L_0x56265b079860 .functor AND 1, L_0x56265b079c10, L_0x56265b08aef0, C4<1>, C4<1>;
L_0x56265b079da0 .functor NOT 1, L_0x56265b079860, C4<0>, C4<0>, C4<0>;
L_0x56265b079f00 .functor AND 1, L_0x56265b079da0, L_0x56265b079e60, C4<1>, C4<1>;
L_0x7fe57b756450 .functor BUFT 1, C4<1>, C4<0>, C4<0>, C4<0>;
L_0x56265b07a2d0 .functor AND 1, L_0x7fe57b756450, L_0x56265b07a9c0, C4<1>, C4<1>;
L_0x56265b07add0 .functor BUFZ 8, L_0x56265b0790f0, C4<00000000>, C4<00000000>, C4<00000000>;
L_0x56265b08b810 .functor BUFZ 8, v0x56265b06a630_0, C4<00000000>, C4<00000000>, C4<00000000>;
L_0x56265b08d1d0 .functor BUFZ 8, v0x56265b069df0_0, C4<00000000>, C4<00000000>, C4<00000000>;
L_0x56265b08d2d0 .functor BUFZ 8, v0x56265b0675d0_0, C4<00000000>, C4<00000000>, C4<00000000>;
L_0x56265b08d390 .functor BUFZ 8, v0x56265b067790_0, C4<00000000>, C4<00000000>, C4<00000000>;
L_0x56265b08d450 .functor BUFZ 8, v0x56265b0679e0_0, C4<00000000>, C4<00000000>, C4<00000000>;
L_0x56265b08d570 .functor BUFZ 8, v0x56265b067ba0_0, C4<00000000>, C4<00000000>, C4<00000000>;
L_0x56265b08d5e0 .functor BUFZ 8, v0x56265b067d60_0, C4<00000000>, C4<00000000>, C4<00000000>;
L_0x56265b08d710 .functor BUFZ 8, v0x56265b067f20_0, C4<00000000>, C4<00000000>, C4<00000000>;
L_0x56265b08d7d0 .functor BUFZ 8, v0x56265b0681f0_0, C4<00000000>, C4<00000000>, C4<00000000>;
L_0x56265b08d6a0 .functor BUFZ 8, v0x56265b0683b0_0, C4<00000000>, C4<00000000>, C4<00000000>;
v0x56265b0725b0_0 .net "AluOp", 3 0, L_0x56265b08c850;  1 drivers
v0x56265b0726c0_0 .net "AluSrc", 0 0, L_0x56265b08c070;  1 drivers
v0x56265b072790_0 .net "CLK", 0 0, v0x56265b0770d0_0;  1 drivers
v0x56265b072860_0 .net "DA", 7 0, L_0x56265b077da0;  1 drivers
v0x56265b072900_0 .net "FUNCT", 2 0, L_0x56265b08b6d0;  1 drivers
v0x56265b0729f0_0 .net "HI", 7 0, L_0x56265b08b810;  alias, 1 drivers
v0x56265b072ad0_0 .net "HI_temp", 7 0, v0x56265b06a630_0;  1 drivers
v0x56265b072be0_0 .net "JAL", 0 0, L_0x56265b08cea0;  1 drivers
v0x56265b072cd0_0 .net "JR", 0 0, L_0x56265b08cad0;  1 drivers
v0x56265b072d70_0 .net "Jump", 0 0, L_0x56265b08c680;  1 drivers
v0x56265b072e10_0 .net "LO", 7 0, L_0x56265b08d1d0;  alias, 1 drivers
v0x56265b072eb0_0 .net "LO_temp", 7 0, v0x56265b069df0_0;  1 drivers
v0x56265b072f70_0 .net "LUI", 0 0, L_0x56265b08cdb0;  1 drivers
v0x56265b073010_0 .net "MFEN", 0 0, L_0x56265b08cbc0;  1 drivers
v0x56265b0730b0_0 .net "MemRead", 0 0, L_0x56265b08c940;  1 drivers
v0x56265b073180_0 .net "MemWrite", 0 0, L_0x56265b08c590;  1 drivers
v0x56265b073250_0 .net "MemtoReg", 0 0, L_0x56265b08c1d0;  1 drivers
v0x56265b073430_0 .net "OPCODE", 3 0, L_0x56265b08b160;  1 drivers
v0x56265b0734d0_0 .net "PC", 7 0, v0x56265b069690_0;  1 drivers
v0x56265b073570_0 .net "RH0", 7 0, L_0x56265b08d2d0;  alias, 1 drivers
v0x56265b073610_0 .net "RH0_t", 7 0, v0x56265b0675d0_0;  1 drivers
v0x56265b073700_0 .net "RH1", 7 0, L_0x56265b08d390;  alias, 1 drivers
v0x56265b0737c0_0 .net "RH1_t", 7 0, v0x56265b067790_0;  1 drivers
v0x56265b0738b0_0 .net "RH2", 7 0, L_0x56265b08d450;  alias, 1 drivers
v0x56265b073970_0 .net "RH2_t", 7 0, v0x56265b0679e0_0;  1 drivers
v0x56265b073a60_0 .net "RH3", 7 0, L_0x56265b08d570;  alias, 1 drivers
v0x56265b073b20_0 .net "RH3_t", 7 0, v0x56265b067ba0_0;  1 drivers
v0x56265b073c10_0 .net "RH4", 7 0, L_0x56265b08d5e0;  alias, 1 drivers
v0x56265b073cd0_0 .net "RH4_t", 7 0, v0x56265b067d60_0;  1 drivers
v0x56265b073dc0_0 .net "RH5", 7 0, L_0x56265b08d710;  alias, 1 drivers
v0x56265b073e80_0 .net "RH5_t", 7 0, v0x56265b067f20_0;  1 drivers
v0x56265b073f70_0 .net "RH6", 7 0, L_0x56265b08d7d0;  alias, 1 drivers
v0x56265b074030_0 .net "RH6_t", 7 0, v0x56265b0681f0_0;  1 drivers
v0x56265b074120_0 .net "RH7", 7 0, L_0x56265b08d6a0;  alias, 1 drivers
v0x56265b0741e0_0 .net "RH7_t", 7 0, v0x56265b0683b0_0;  1 drivers
v0x56265b0742d0_0 .net "RegDst", 0 0, L_0x56265b08bde0;  1 drivers
v0x56265b0743a0_0 .net "RegWrite", 0 0, L_0x56265b08c2c0;  1 drivers
v0x56265b074470_0 .net "SLIHO", 1 0, v0x56265b06f960_0;  1 drivers
v0x56265b074510_0 .net *"_ivl_10", 0 0, L_0x56265b079860;  1 drivers
v0x56265b0745b0_0 .net *"_ivl_12", 0 0, L_0x56265b079da0;  1 drivers
v0x56265b074690_0 .net *"_ivl_15", 0 0, L_0x56265b079e60;  1 drivers
v0x56265b074770_0 .net/2u *"_ivl_26", 0 0, L_0x7fe57b756450;  1 drivers
v0x56265b074850_0 .net *"_ivl_29", 0 0, L_0x56265b07a9c0;  1 drivers
L_0x7fe57b756498 .functor BUFT 1, C4<0000>, C4<0>, C4<0>, C4<0>;
v0x56265b074930_0 .net/2u *"_ivl_34", 3 0, L_0x7fe57b756498;  1 drivers
v0x56265b074a10_0 .net *"_ivl_40", 3 0, L_0x56265b07ace0;  1 drivers
v0x56265b074af0_0 .net *"_ivl_9", 0 0, L_0x56265b079c10;  1 drivers
v0x56265b074bd0_0 .net "s0", 7 0, v0x56265b070190_0;  1 drivers
v0x56265b074ce0_0 .net "s1", 15 0, v0x56265b065840_0;  1 drivers
v0x56265b074da0_0 .net "s10", 2 0, L_0x56265b08b770;  1 drivers
v0x56265b074e40_0 .net "s11", 2 0, v0x56265b070970_0;  1 drivers
v0x56265b074f30_0 .net "s12", 7 0, L_0x56265b0790f0;  1 drivers
v0x56265b075040_0 .net "s13", 7 0, v0x56265b06e0c0_0;  1 drivers
v0x56265b075150_0 .net "s14", 7 0, v0x56265b071160_0;  1 drivers
v0x56265b075260_0 .net "s15", 7 0, v0x56265b00e490_0;  1 drivers
v0x56265b075320_0 .net "s16", 7 0, L_0x56265b0793c0;  1 drivers
v0x56265b0753e0_0 .net "s17", 7 0, v0x56265b071930_0;  1 drivers
v0x56265b0754f0_0 .net "s18", 7 0, L_0x56265b07add0;  1 drivers
v0x56265b0755b0_0 .net "s19", 7 0, L_0x56265b079a40;  1 drivers
v0x56265b0756a0_0 .net "s2", 7 0, L_0x56265b077f80;  1 drivers
v0x56265b075760_0 .net "s20", 0 0, L_0x56265b079f00;  1 drivers
v0x56265b075800_0 .net "s21", 7 0, v0x56265b06d1c0_0;  1 drivers
v0x56265b0758f0_0 .net "s22", 7 0, L_0x56265b08b880;  1 drivers
v0x56265b0759b0_0 .net "s23", 7 0, v0x56265b06d930_0;  1 drivers
v0x56265b075aa0_0 .net "s24", 0 0, L_0x56265b07a2d0;  1 drivers
v0x56265b075b90_0 .net "s25", 7 0, v0x56265b0178f0_0;  1 drivers
v0x56265b0760b0_0 .net "s26", 7 0, L_0x56265b07ab70;  1 drivers
v0x56265b076170_0 .net "s27", 7 0, L_0x56265b07a480;  1 drivers
v0x56265b076260_0 .net "s28", 7 0, v0x56265b06f180_0;  1 drivers
v0x56265b076320_0 .net "s29", 0 0, L_0x56265b08b920;  1 drivers
v0x56265b0763c0_0 .net "s3", 7 0, v0x56265b072310_0;  1 drivers
v0x56265b0764b0_0 .net "s30", 0 0, L_0x56265b08ba40;  1 drivers
v0x56265b076550_0 .net "s31", 0 0, L_0x56265b08bae0;  1 drivers
v0x56265b0765f0_0 .net "s32", 0 0, L_0x56265b08bca0;  1 drivers
v0x56265b076690_0 .net "s33", 0 0, L_0x56265b08bd40;  1 drivers
v0x56265b076730_0 .net "s34", 0 0, L_0x56265b08be80;  1 drivers
v0x56265b0767d0_0 .net "s35", 0 0, L_0x56265b08bf20;  1 drivers
v0x56265b076870_0 .net "s36", 17 0, v0x56265b06c990_0;  1 drivers
v0x56265b076910_0 .net "s37", 1 0, L_0x56265b08d050;  1 drivers
v0x56265b0769b0_0 .net "s38", 0 0, L_0x56265b08aef0;  1 drivers
v0x56265b076a80_0 .net "s4", 2 0, v0x56265b06e860_0;  1 drivers
v0x56265b076b70_0 .net "s5", 2 0, L_0x56265b08b4b0;  1 drivers
v0x56265b076c60_0 .net "s6", 2 0, L_0x56265b08b380;  1 drivers
v0x56265b076d50_0 .net "s7", 7 0, L_0x56265b078740;  1 drivers
v0x56265b076df0_0 .net "s8", 11 0, L_0x56265b08b030;  1 drivers
v0x56265b076e90_0 .net "s9", 5 0, L_0x56265b08b200;  1 drivers
L_0x56265b079c10 .part v0x56265b06c990_0, 13, 1;
L_0x56265b079e60 .part v0x56265b06c990_0, 5, 1;
L_0x56265b07a9c0 .part v0x56265b06c990_0, 12, 1;
L_0x56265b07ab70 .concat8 [ 4 4 0 0], L_0x7fe57b756498, L_0x56265b07ace0;
L_0x56265b07ace0 .part L_0x56265b0790f0, 0, 4;
L_0x56265b08b030 .part v0x56265b065840_0, 0, 12;
L_0x56265b08b160 .part v0x56265b065840_0, 12, 4;
L_0x56265b08b200 .part L_0x56265b08b030, 0, 6;
L_0x56265b08b380 .part L_0x56265b08b030, 6, 3;
L_0x56265b08b4b0 .part L_0x56265b08b030, 9, 3;
L_0x56265b08b6d0 .part L_0x56265b08b200, 0, 3;
L_0x56265b08b770 .part L_0x56265b08b200, 3, 3;
L_0x56265b08b880 .part L_0x56265b08b030, 0, 8;
L_0x56265b08b920 .part L_0x56265b08b6d0, 0, 1;
L_0x56265b08ba40 .part L_0x56265b08b6d0, 1, 1;
L_0x56265b08bae0 .part L_0x56265b08b6d0, 2, 1;
L_0x56265b08bca0 .part L_0x56265b08b160, 0, 1;
L_0x56265b08bd40 .part L_0x56265b08b160, 1, 1;
L_0x56265b08be80 .part L_0x56265b08b160, 2, 1;
L_0x56265b08bf20 .part L_0x56265b08b160, 3, 1;
L_0x56265b08bde0 .part v0x56265b06c990_0, 0, 1;
L_0x56265b08c070 .part v0x56265b06c990_0, 1, 1;
L_0x56265b08c1d0 .part v0x56265b06c990_0, 2, 1;
L_0x56265b08c2c0 .part v0x56265b06c990_0, 3, 1;
L_0x56265b08c590 .part v0x56265b06c990_0, 4, 1;
L_0x56265b08c680 .part v0x56265b06c990_0, 6, 1;
L_0x56265b08c850 .part v0x56265b06c990_0, 7, 4;
L_0x56265b08c940 .part v0x56265b06c990_0, 11, 1;
L_0x56265b08cad0 .part v0x56265b06c990_0, 14, 1;
L_0x56265b08cbc0 .part v0x56265b06c990_0, 15, 1;
L_0x56265b08cdb0 .part v0x56265b06c990_0, 16, 1;
L_0x56265b08cea0 .part v0x56265b06c990_0, 17, 1;
L_0x56265b08d050 .part L_0x56265b08b6d0, 1, 2;
S_0x56265b04e700 .scope module, "ALU_i22" "ALU" 2 754, 2 372 0, S_0x56265b04e380;
 .timescale 0 0;
    .port_info 0 /INPUT 4 "ALUop";
    .port_info 1 /INPUT 8 "A";
    .port_info 2 /INPUT 8 "B";
    .port_info 3 /INPUT 3 "SHAMT";
    .port_info 4 /OUTPUT 8 "S";
    .port_info 5 /OUTPUT 8 "HIGH";
    .port_info 6 /OUTPUT 1 "Zero";
v0x56265b014600_0 .net "A", 7 0, L_0x56265b077da0;  alias, 1 drivers
v0x56265b023510_0 .var "ALU_Result", 15 0;
v0x56265b022a30_0 .net "ALUop", 3 0, L_0x56265b08c850;  alias, 1 drivers
v0x56265b01a460_0 .net "B", 7 0, v0x56265b071160_0;  alias, 1 drivers
v0x56265b0178f0_0 .var "HIGH", 7 0;
v0x56265b00e490_0 .var "S", 7 0;
v0x56265b00d740_0 .net "SHAMT", 2 0, L_0x56265b08b4b0;  alias, 1 drivers
v0x56265b0617b0_0 .net "Zero", 0 0, L_0x56265b08aef0;  alias, 1 drivers
v0x56265b061870_0 .net *"_ivl_0", 31 0, L_0x56265b07ae40;  1 drivers
L_0x7fe57b7564e0 .functor BUFT 1, C4<000000000000000000000000>, C4<0>, C4<0>, C4<0>;
v0x56265b061950_0 .net *"_ivl_3", 23 0, L_0x7fe57b7564e0;  1 drivers
L_0x7fe57b756528 .functor BUFT 1, C4<00000000000000000000000000000000>, C4<0>, C4<0>, C4<0>;
v0x56265b061a30_0 .net/2u *"_ivl_4", 31 0, L_0x7fe57b756528;  1 drivers
E_0x56265afc3380 .event edge, v0x56265b023510_0;
E_0x56265afc2f10/0 .event edge, v0x56265b022a30_0, v0x56265b014600_0, v0x56265b01a460_0, v0x56265b023510_0;
E_0x56265afc2f10/1 .event edge, v0x56265b00d740_0;
E_0x56265afc2f10 .event/or E_0x56265afc2f10/0, E_0x56265afc2f10/1;
L_0x56265b07ae40 .concat [ 8 24 0 0], v0x56265b00e490_0, L_0x7fe57b7564e0;
L_0x56265b08aef0 .cmp/eq 32, L_0x56265b07ae40, L_0x7fe57b756528;
S_0x56265b04ea80 .scope module, "DIG_Add_i17" "DIG_Add" 2 703, 2 55 0, S_0x56265b04e380;
 .timescale 0 0;
    .port_info 0 /INPUT 8 "a";
    .port_info 1 /INPUT 8 "b";
    .port_info 2 /INPUT 1 "c_i";
    .port_info 3 /OUTPUT 8 "s";
    .port_info 4 /OUTPUT 1 "c_o";
P_0x56265b061c10 .param/l "Bits" 0 2 57, +C4<00000000000000000000000000001000>;
v0x56265b061d30_0 .net *"_ivl_0", 8 0, L_0x56265b07a140;  1 drivers
L_0x7fe57b756690 .functor BUFT 1, C4<000000000>, C4<0>, C4<0>, C4<0>;
v0x56265b061e10_0 .net *"_ivl_10", 8 0, L_0x7fe57b756690;  1 drivers
L_0x7fe57b756330 .functor BUFT 1, C4<0>, C4<0>, C4<0>, C4<0>;
v0x56265b061ef0_0 .net *"_ivl_3", 0 0, L_0x7fe57b756330;  1 drivers
L_0x7fe57b756648 .functor BUFT 1, C4<000000001>, C4<0>, C4<0>, C4<0>;
v0x56265b061fb0_0 .net *"_ivl_4", 8 0, L_0x7fe57b756648;  1 drivers
v0x56265b062090_0 .net *"_ivl_8", 8 0, L_0x56265b07a230;  1 drivers
v0x56265b0621c0_0 .net "a", 7 0, v0x56265b069690_0;  alias, 1 drivers
L_0x7fe57b756378 .functor BUFT 1, C4<00000001>, C4<0>, C4<0>, C4<0>;
v0x56265b0622a0_0 .net "b", 7 0, L_0x7fe57b756378;  1 drivers
L_0x7fe57b7563c0 .functor BUFT 1, C4<0>, C4<0>, C4<0>, C4<0>;
v0x56265b062380_0 .net "c_i", 0 0, L_0x7fe57b7563c0;  1 drivers
v0x56265b062440_0 .net "c_o", 0 0, L_0x56265b07a5a0;  1 drivers
v0x56265b062500_0 .net "s", 7 0, L_0x56265b07a480;  alias, 1 drivers
v0x56265b0625e0_0 .net "temp", 8 0, L_0x56265b07a390;  1 drivers
L_0x56265b07a140 .concat [ 8 1 0 0], v0x56265b069690_0, L_0x7fe57b756330;
L_0x56265b07a230 .arith/sum 9, L_0x56265b07a140, L_0x7fe57b756648;
L_0x56265b07a390 .arith/sum 9, L_0x56265b07a230, L_0x7fe57b756690;
L_0x56265b07a480 .part L_0x56265b07a390, 0, 8;
L_0x56265b07a5a0 .part L_0x56265b07a390, 8, 1;
S_0x56265b04ee00 .scope module, "DIG_Add_i2" "DIG_Add" 2 548, 2 55 0, S_0x56265b04e380;
 .timescale 0 0;
    .port_info 0 /INPUT 8 "a";
    .port_info 1 /INPUT 8 "b";
    .port_info 2 /INPUT 1 "c_i";
    .port_info 3 /OUTPUT 8 "s";
    .port_info 4 /OUTPUT 1 "c_o";
P_0x56265b062760 .param/l "Bits" 0 2 57, +C4<00000000000000000000000000001000>;
L_0x7fe57b756570 .functor BUFT 1, C4<000000001>, C4<0>, C4<0>, C4<0>;
v0x56265b062880_0 .net *"_ivl_0", 8 0, L_0x7fe57b756570;  1 drivers
L_0x7fe57b7565b8 .functor BUFT 1, C4<000000000>, C4<0>, C4<0>, C4<0>;
v0x56265b062960_0 .net *"_ivl_10", 8 0, L_0x7fe57b7565b8;  1 drivers
v0x56265b062a40_0 .net *"_ivl_4", 8 0, L_0x56265b077be0;  1 drivers
L_0x7fe57b756060 .functor BUFT 1, C4<0>, C4<0>, C4<0>, C4<0>;
v0x56265b062b00_0 .net *"_ivl_7", 0 0, L_0x7fe57b756060;  1 drivers
v0x56265b062be0_0 .net *"_ivl_8", 8 0, L_0x56265b077d00;  1 drivers
L_0x7fe57b7560a8 .functor BUFT 1, C4<00000001>, C4<0>, C4<0>, C4<0>;
v0x56265b062d10_0 .net "a", 7 0, L_0x7fe57b7560a8;  1 drivers
v0x56265b062df0_0 .net "b", 7 0, v0x56265b069690_0;  alias, 1 drivers
L_0x7fe57b7560f0 .functor BUFT 1, C4<0>, C4<0>, C4<0>, C4<0>;
v0x56265b062eb0_0 .net "c_i", 0 0, L_0x7fe57b7560f0;  1 drivers
v0x56265b062f50_0 .net "c_o", 0 0, L_0x56265b0780e0;  1 drivers
v0x56265b063010_0 .net "s", 7 0, L_0x56265b077f80;  alias, 1 drivers
v0x56265b0630f0_0 .net "temp", 8 0, L_0x56265b077e90;  1 drivers
L_0x56265b077be0 .concat [ 8 1 0 0], v0x56265b069690_0, L_0x7fe57b756060;
L_0x56265b077d00 .arith/sum 9, L_0x7fe57b756570, L_0x56265b077be0;
L_0x56265b077e90 .arith/sum 9, L_0x56265b077d00, L_0x7fe57b7565b8;
L_0x56265b077f80 .part L_0x56265b077e90, 0, 8;
L_0x56265b0780e0 .part L_0x56265b077e90, 8, 1;
S_0x56265b04f180 .scope module, "DIG_Add_i9" "DIG_Add" 2 628, 2 55 0, S_0x56265b04e380;
 .timescale 0 0;
    .port_info 0 /INPUT 8 "a";
    .port_info 1 /INPUT 8 "b";
    .port_info 2 /INPUT 1 "c_i";
    .port_info 3 /OUTPUT 8 "s";
    .port_info 4 /OUTPUT 1 "c_o";
P_0x56265b063270 .param/l "Bits" 0 2 57, +C4<00000000000000000000000000001000>;
v0x56265b0633c0_0 .net *"_ivl_0", 8 0, L_0x56265b079500;  1 drivers
L_0x7fe57b756600 .functor BUFT 1, C4<000000000>, C4<0>, C4<0>, C4<0>;
v0x56265b0634c0_0 .net *"_ivl_10", 8 0, L_0x7fe57b756600;  1 drivers
L_0x7fe57b756210 .functor BUFT 1, C4<0>, C4<0>, C4<0>, C4<0>;
v0x56265b0635a0_0 .net *"_ivl_3", 0 0, L_0x7fe57b756210;  1 drivers
v0x56265b063690_0 .net *"_ivl_4", 8 0, L_0x56265b0795f0;  1 drivers
L_0x7fe57b756258 .functor BUFT 1, C4<0>, C4<0>, C4<0>, C4<0>;
v0x56265b063770_0 .net *"_ivl_7", 0 0, L_0x7fe57b756258;  1 drivers
v0x56265b0638a0_0 .net *"_ivl_8", 8 0, L_0x56265b0797c0;  1 drivers
v0x56265b063980_0 .net "a", 7 0, L_0x56265b077f80;  alias, 1 drivers
v0x56265b063a40_0 .net "b", 7 0, L_0x56265b07add0;  alias, 1 drivers
L_0x7fe57b7562a0 .functor BUFT 1, C4<0>, C4<0>, C4<0>, C4<0>;
v0x56265b063b00_0 .net "c_i", 0 0, L_0x7fe57b7562a0;  1 drivers
v0x56265b063bc0_0 .net "c_o", 0 0, L_0x56265b079b30;  1 drivers
v0x56265b063c80_0 .net "s", 7 0, L_0x56265b079a40;  alias, 1 drivers
v0x56265b063d60_0 .net "temp", 8 0, L_0x56265b079920;  1 drivers
L_0x56265b079500 .concat [ 8 1 0 0], L_0x56265b077f80, L_0x7fe57b756210;
L_0x56265b0795f0 .concat [ 8 1 0 0], L_0x56265b07add0, L_0x7fe57b756258;
L_0x56265b0797c0 .arith/sum 9, L_0x56265b079500, L_0x56265b0795f0;
L_0x56265b079920 .arith/sum 9, L_0x56265b0797c0, L_0x7fe57b756600;
L_0x56265b079a40 .part L_0x56265b079920, 0, 8;
L_0x56265b079b30 .part L_0x56265b079920, 8, 1;
S_0x56265b04f500 .scope module, "DIG_BitExtender_i5" "DIG_BitExtender" 2 590, 2 157 0, S_0x56265b04e380;
 .timescale 0 0;
    .port_info 0 /INPUT 6 "in";
    .port_info 1 /OUTPUT 8 "out";
P_0x56265af88660 .param/l "inputBits" 0 2 158, +C4<00000000000000000000000000000110>;
P_0x56265af886a0 .param/l "outputBits" 0 2 159, +C4<00000000000000000000000000001000>;
v0x56265b064020_0 .net *"_ivl_1", 0 0, L_0x56265b078f60;  1 drivers
v0x56265b064120_0 .net *"_ivl_2", 1 0, L_0x56265b079000;  1 drivers
v0x56265b064200_0 .net "in", 5 0, L_0x56265b08b200;  alias, 1 drivers
v0x56265b0642f0_0 .net "out", 7 0, L_0x56265b0790f0;  alias, 1 drivers
L_0x56265b078f60 .part L_0x56265b08b200, 5, 1;
L_0x56265b079000 .concat [ 1 1 0 0], L_0x56265b078f60, L_0x56265b078f60;
L_0x56265b0790f0 .concat [ 6 2 0 0], L_0x56265b08b200, L_0x56265b079000;
S_0x56265b04f880 .scope module, "DIG_RAMDualPort_i7" "DIG_RAMDualPort" 2 608, 2 170 0, S_0x56265b04e380;
 .timescale 0 0;
    .port_info 0 /INPUT 8 "A";
    .port_info 1 /INPUT 8 "Din";
    .port_info 2 /INPUT 1 "str";
    .port_info 3 /INPUT 1 "C";
    .port_info 4 /INPUT 1 "ld";
    .port_info 5 /OUTPUT 8 "D";
P_0x56265af97460 .param/l "AddrBits" 0 2 173, +C4<00000000000000000000000000001000>;
P_0x56265af974a0 .param/l "Bits" 0 2 172, +C4<00000000000000000000000000001000>;
v0x56265b064640_0 .net "A", 7 0, v0x56265b00e490_0;  alias, 1 drivers
v0x56265b064750_0 .net "C", 0 0, v0x56265b0770d0_0;  alias, 1 drivers
v0x56265b0647f0_0 .net "D", 7 0, L_0x56265b0793c0;  alias, 1 drivers
v0x56265b0648e0_0 .net "Din", 7 0, L_0x56265b078740;  alias, 1 drivers
v0x56265b0649c0_0 .net *"_ivl_0", 7 0, L_0x56265b0791e0;  1 drivers
v0x56265b064af0_0 .net *"_ivl_2", 9 0, L_0x56265b079280;  1 drivers
L_0x7fe57b7561c8 .functor BUFT 1, C4<00>, C4<0>, C4<0>, C4<0>;
v0x56265b064bd0_0 .net *"_ivl_5", 1 0, L_0x7fe57b7561c8;  1 drivers
o0x7fe57b79fe88 .functor BUFZ 8, C4<zzzzzzzz>; HiZ drive
; Elide local net with no drivers, v0x56265b064cb0_0 name=_ivl_6
v0x56265b064d90_0 .net "ld", 0 0, L_0x56265b08c940;  alias, 1 drivers
v0x56265b064e50 .array "memory", 255 0, 7 0;
v0x56265b064f10_0 .net "str", 0 0, L_0x56265b08c590;  alias, 1 drivers
E_0x56265af751f0 .event posedge, v0x56265b064750_0;
L_0x56265b0791e0 .array/port v0x56265b064e50, L_0x56265b079280;
L_0x56265b079280 .concat [ 8 2 0 0], v0x56265b00e490_0, L_0x7fe57b7561c8;
L_0x56265b0793c0 .functor MUXZ 8, o0x7fe57b79fe88, L_0x56265b0791e0, L_0x56265b08c940, C4<>;
S_0x56265b0650d0 .scope module, "DIG_ROM_256X16_InstructionMemory_i1" "DIG_ROM_256X16_InstructionMemory" 2 540, 2 26 0, S_0x56265b04e380;
 .timescale 0 0;
    .port_info 0 /INPUT 8 "A";
    .port_info 1 /INPUT 1 "sel";
    .port_info 2 /OUTPUT 16 "D";
v0x56265b065710_0 .net "A", 7 0, v0x56265b069690_0;  alias, 1 drivers
v0x56265b065840_0 .var "D", 15 0;
v0x56265b065920_0 .var/i "i", 31 0;
v0x56265b0659e0 .array "my_rom", 127 0, 15 0;
L_0x7fe57b756018 .functor BUFT 1, C4<1>, C4<0>, C4<0>, C4<0>;
v0x56265b066aa0_0 .net "sel", 0 0, L_0x7fe57b756018;  1 drivers
v0x56265b0659e0_0 .array/port v0x56265b0659e0, 0;
v0x56265b0659e0_1 .array/port v0x56265b0659e0, 1;
E_0x56265afc3a50/0 .event edge, v0x56265b066aa0_0, v0x56265b0621c0_0, v0x56265b0659e0_0, v0x56265b0659e0_1;
v0x56265b0659e0_2 .array/port v0x56265b0659e0, 2;
v0x56265b0659e0_3 .array/port v0x56265b0659e0, 3;
v0x56265b0659e0_4 .array/port v0x56265b0659e0, 4;
v0x56265b0659e0_5 .array/port v0x56265b0659e0, 5;
E_0x56265afc3a50/1 .event edge, v0x56265b0659e0_2, v0x56265b0659e0_3, v0x56265b0659e0_4, v0x56265b0659e0_5;
v0x56265b0659e0_6 .array/port v0x56265b0659e0, 6;
v0x56265b0659e0_7 .array/port v0x56265b0659e0, 7;
v0x56265b0659e0_8 .array/port v0x56265b0659e0, 8;
v0x56265b0659e0_9 .array/port v0x56265b0659e0, 9;
E_0x56265afc3a50/2 .event edge, v0x56265b0659e0_6, v0x56265b0659e0_7, v0x56265b0659e0_8, v0x56265b0659e0_9;
v0x56265b0659e0_10 .array/port v0x56265b0659e0, 10;
v0x56265b0659e0_11 .array/port v0x56265b0659e0, 11;
v0x56265b0659e0_12 .array/port v0x56265b0659e0, 12;
v0x56265b0659e0_13 .array/port v0x56265b0659e0, 13;
E_0x56265afc3a50/3 .event edge, v0x56265b0659e0_10, v0x56265b0659e0_11, v0x56265b0659e0_12, v0x56265b0659e0_13;
v0x56265b0659e0_14 .array/port v0x56265b0659e0, 14;
v0x56265b0659e0_15 .array/port v0x56265b0659e0, 15;
v0x56265b0659e0_16 .array/port v0x56265b0659e0, 16;
v0x56265b0659e0_17 .array/port v0x56265b0659e0, 17;
E_0x56265afc3a50/4 .event edge, v0x56265b0659e0_14, v0x56265b0659e0_15, v0x56265b0659e0_16, v0x56265b0659e0_17;
v0x56265b0659e0_18 .array/port v0x56265b0659e0, 18;
v0x56265b0659e0_19 .array/port v0x56265b0659e0, 19;
v0x56265b0659e0_20 .array/port v0x56265b0659e0, 20;
v0x56265b0659e0_21 .array/port v0x56265b0659e0, 21;
E_0x56265afc3a50/5 .event edge, v0x56265b0659e0_18, v0x56265b0659e0_19, v0x56265b0659e0_20, v0x56265b0659e0_21;
v0x56265b0659e0_22 .array/port v0x56265b0659e0, 22;
v0x56265b0659e0_23 .array/port v0x56265b0659e0, 23;
v0x56265b0659e0_24 .array/port v0x56265b0659e0, 24;
v0x56265b0659e0_25 .array/port v0x56265b0659e0, 25;
E_0x56265afc3a50/6 .event edge, v0x56265b0659e0_22, v0x56265b0659e0_23, v0x56265b0659e0_24, v0x56265b0659e0_25;
v0x56265b0659e0_26 .array/port v0x56265b0659e0, 26;
v0x56265b0659e0_27 .array/port v0x56265b0659e0, 27;
v0x56265b0659e0_28 .array/port v0x56265b0659e0, 28;
v0x56265b0659e0_29 .array/port v0x56265b0659e0, 29;
E_0x56265afc3a50/7 .event edge, v0x56265b0659e0_26, v0x56265b0659e0_27, v0x56265b0659e0_28, v0x56265b0659e0_29;
v0x56265b0659e0_30 .array/port v0x56265b0659e0, 30;
v0x56265b0659e0_31 .array/port v0x56265b0659e0, 31;
v0x56265b0659e0_32 .array/port v0x56265b0659e0, 32;
v0x56265b0659e0_33 .array/port v0x56265b0659e0, 33;
E_0x56265afc3a50/8 .event edge, v0x56265b0659e0_30, v0x56265b0659e0_31, v0x56265b0659e0_32, v0x56265b0659e0_33;
v0x56265b0659e0_34 .array/port v0x56265b0659e0, 34;
v0x56265b0659e0_35 .array/port v0x56265b0659e0, 35;
v0x56265b0659e0_36 .array/port v0x56265b0659e0, 36;
v0x56265b0659e0_37 .array/port v0x56265b0659e0, 37;
E_0x56265afc3a50/9 .event edge, v0x56265b0659e0_34, v0x56265b0659e0_35, v0x56265b0659e0_36, v0x56265b0659e0_37;
v0x56265b0659e0_38 .array/port v0x56265b0659e0, 38;
v0x56265b0659e0_39 .array/port v0x56265b0659e0, 39;
v0x56265b0659e0_40 .array/port v0x56265b0659e0, 40;
v0x56265b0659e0_41 .array/port v0x56265b0659e0, 41;
E_0x56265afc3a50/10 .event edge, v0x56265b0659e0_38, v0x56265b0659e0_39, v0x56265b0659e0_40, v0x56265b0659e0_41;
v0x56265b0659e0_42 .array/port v0x56265b0659e0, 42;
v0x56265b0659e0_43 .array/port v0x56265b0659e0, 43;
v0x56265b0659e0_44 .array/port v0x56265b0659e0, 44;
v0x56265b0659e0_45 .array/port v0x56265b0659e0, 45;
E_0x56265afc3a50/11 .event edge, v0x56265b0659e0_42, v0x56265b0659e0_43, v0x56265b0659e0_44, v0x56265b0659e0_45;
v0x56265b0659e0_46 .array/port v0x56265b0659e0, 46;
v0x56265b0659e0_47 .array/port v0x56265b0659e0, 47;
v0x56265b0659e0_48 .array/port v0x56265b0659e0, 48;
v0x56265b0659e0_49 .array/port v0x56265b0659e0, 49;
E_0x56265afc3a50/12 .event edge, v0x56265b0659e0_46, v0x56265b0659e0_47, v0x56265b0659e0_48, v0x56265b0659e0_49;
v0x56265b0659e0_50 .array/port v0x56265b0659e0, 50;
v0x56265b0659e0_51 .array/port v0x56265b0659e0, 51;
v0x56265b0659e0_52 .array/port v0x56265b0659e0, 52;
v0x56265b0659e0_53 .array/port v0x56265b0659e0, 53;
E_0x56265afc3a50/13 .event edge, v0x56265b0659e0_50, v0x56265b0659e0_51, v0x56265b0659e0_52, v0x56265b0659e0_53;
v0x56265b0659e0_54 .array/port v0x56265b0659e0, 54;
v0x56265b0659e0_55 .array/port v0x56265b0659e0, 55;
v0x56265b0659e0_56 .array/port v0x56265b0659e0, 56;
v0x56265b0659e0_57 .array/port v0x56265b0659e0, 57;
E_0x56265afc3a50/14 .event edge, v0x56265b0659e0_54, v0x56265b0659e0_55, v0x56265b0659e0_56, v0x56265b0659e0_57;
v0x56265b0659e0_58 .array/port v0x56265b0659e0, 58;
v0x56265b0659e0_59 .array/port v0x56265b0659e0, 59;
v0x56265b0659e0_60 .array/port v0x56265b0659e0, 60;
v0x56265b0659e0_61 .array/port v0x56265b0659e0, 61;
E_0x56265afc3a50/15 .event edge, v0x56265b0659e0_58, v0x56265b0659e0_59, v0x56265b0659e0_60, v0x56265b0659e0_61;
v0x56265b0659e0_62 .array/port v0x56265b0659e0, 62;
v0x56265b0659e0_63 .array/port v0x56265b0659e0, 63;
v0x56265b0659e0_64 .array/port v0x56265b0659e0, 64;
v0x56265b0659e0_65 .array/port v0x56265b0659e0, 65;
E_0x56265afc3a50/16 .event edge, v0x56265b0659e0_62, v0x56265b0659e0_63, v0x56265b0659e0_64, v0x56265b0659e0_65;
v0x56265b0659e0_66 .array/port v0x56265b0659e0, 66;
v0x56265b0659e0_67 .array/port v0x56265b0659e0, 67;
v0x56265b0659e0_68 .array/port v0x56265b0659e0, 68;
v0x56265b0659e0_69 .array/port v0x56265b0659e0, 69;
E_0x56265afc3a50/17 .event edge, v0x56265b0659e0_66, v0x56265b0659e0_67, v0x56265b0659e0_68, v0x56265b0659e0_69;
v0x56265b0659e0_70 .array/port v0x56265b0659e0, 70;
v0x56265b0659e0_71 .array/port v0x56265b0659e0, 71;
v0x56265b0659e0_72 .array/port v0x56265b0659e0, 72;
v0x56265b0659e0_73 .array/port v0x56265b0659e0, 73;
E_0x56265afc3a50/18 .event edge, v0x56265b0659e0_70, v0x56265b0659e0_71, v0x56265b0659e0_72, v0x56265b0659e0_73;
v0x56265b0659e0_74 .array/port v0x56265b0659e0, 74;
v0x56265b0659e0_75 .array/port v0x56265b0659e0, 75;
v0x56265b0659e0_76 .array/port v0x56265b0659e0, 76;
v0x56265b0659e0_77 .array/port v0x56265b0659e0, 77;
E_0x56265afc3a50/19 .event edge, v0x56265b0659e0_74, v0x56265b0659e0_75, v0x56265b0659e0_76, v0x56265b0659e0_77;
v0x56265b0659e0_78 .array/port v0x56265b0659e0, 78;
v0x56265b0659e0_79 .array/port v0x56265b0659e0, 79;
v0x56265b0659e0_80 .array/port v0x56265b0659e0, 80;
v0x56265b0659e0_81 .array/port v0x56265b0659e0, 81;
E_0x56265afc3a50/20 .event edge, v0x56265b0659e0_78, v0x56265b0659e0_79, v0x56265b0659e0_80, v0x56265b0659e0_81;
v0x56265b0659e0_82 .array/port v0x56265b0659e0, 82;
v0x56265b0659e0_83 .array/port v0x56265b0659e0, 83;
v0x56265b0659e0_84 .array/port v0x56265b0659e0, 84;
v0x56265b0659e0_85 .array/port v0x56265b0659e0, 85;
E_0x56265afc3a50/21 .event edge, v0x56265b0659e0_82, v0x56265b0659e0_83, v0x56265b0659e0_84, v0x56265b0659e0_85;
v0x56265b0659e0_86 .array/port v0x56265b0659e0, 86;
v0x56265b0659e0_87 .array/port v0x56265b0659e0, 87;
v0x56265b0659e0_88 .array/port v0x56265b0659e0, 88;
v0x56265b0659e0_89 .array/port v0x56265b0659e0, 89;
E_0x56265afc3a50/22 .event edge, v0x56265b0659e0_86, v0x56265b0659e0_87, v0x56265b0659e0_88, v0x56265b0659e0_89;
v0x56265b0659e0_90 .array/port v0x56265b0659e0, 90;
v0x56265b0659e0_91 .array/port v0x56265b0659e0, 91;
v0x56265b0659e0_92 .array/port v0x56265b0659e0, 92;
v0x56265b0659e0_93 .array/port v0x56265b0659e0, 93;
E_0x56265afc3a50/23 .event edge, v0x56265b0659e0_90, v0x56265b0659e0_91, v0x56265b0659e0_92, v0x56265b0659e0_93;
v0x56265b0659e0_94 .array/port v0x56265b0659e0, 94;
v0x56265b0659e0_95 .array/port v0x56265b0659e0, 95;
v0x56265b0659e0_96 .array/port v0x56265b0659e0, 96;
v0x56265b0659e0_97 .array/port v0x56265b0659e0, 97;
E_0x56265afc3a50/24 .event edge, v0x56265b0659e0_94, v0x56265b0659e0_95, v0x56265b0659e0_96, v0x56265b0659e0_97;
v0x56265b0659e0_98 .array/port v0x56265b0659e0, 98;
v0x56265b0659e0_99 .array/port v0x56265b0659e0, 99;
v0x56265b0659e0_100 .array/port v0x56265b0659e0, 100;
v0x56265b0659e0_101 .array/port v0x56265b0659e0, 101;
E_0x56265afc3a50/25 .event edge, v0x56265b0659e0_98, v0x56265b0659e0_99, v0x56265b0659e0_100, v0x56265b0659e0_101;
v0x56265b0659e0_102 .array/port v0x56265b0659e0, 102;
v0x56265b0659e0_103 .array/port v0x56265b0659e0, 103;
v0x56265b0659e0_104 .array/port v0x56265b0659e0, 104;
v0x56265b0659e0_105 .array/port v0x56265b0659e0, 105;
E_0x56265afc3a50/26 .event edge, v0x56265b0659e0_102, v0x56265b0659e0_103, v0x56265b0659e0_104, v0x56265b0659e0_105;
v0x56265b0659e0_106 .array/port v0x56265b0659e0, 106;
v0x56265b0659e0_107 .array/port v0x56265b0659e0, 107;
v0x56265b0659e0_108 .array/port v0x56265b0659e0, 108;
v0x56265b0659e0_109 .array/port v0x56265b0659e0, 109;
E_0x56265afc3a50/27 .event edge, v0x56265b0659e0_106, v0x56265b0659e0_107, v0x56265b0659e0_108, v0x56265b0659e0_109;
v0x56265b0659e0_110 .array/port v0x56265b0659e0, 110;
v0x56265b0659e0_111 .array/port v0x56265b0659e0, 111;
v0x56265b0659e0_112 .array/port v0x56265b0659e0, 112;
v0x56265b0659e0_113 .array/port v0x56265b0659e0, 113;
E_0x56265afc3a50/28 .event edge, v0x56265b0659e0_110, v0x56265b0659e0_111, v0x56265b0659e0_112, v0x56265b0659e0_113;
v0x56265b0659e0_114 .array/port v0x56265b0659e0, 114;
v0x56265b0659e0_115 .array/port v0x56265b0659e0, 115;
v0x56265b0659e0_116 .array/port v0x56265b0659e0, 116;
v0x56265b0659e0_117 .array/port v0x56265b0659e0, 117;
E_0x56265afc3a50/29 .event edge, v0x56265b0659e0_114, v0x56265b0659e0_115, v0x56265b0659e0_116, v0x56265b0659e0_117;
v0x56265b0659e0_118 .array/port v0x56265b0659e0, 118;
v0x56265b0659e0_119 .array/port v0x56265b0659e0, 119;
v0x56265b0659e0_120 .array/port v0x56265b0659e0, 120;
v0x56265b0659e0_121 .array/port v0x56265b0659e0, 121;
E_0x56265afc3a50/30 .event edge, v0x56265b0659e0_118, v0x56265b0659e0_119, v0x56265b0659e0_120, v0x56265b0659e0_121;
v0x56265b0659e0_122 .array/port v0x56265b0659e0, 122;
v0x56265b0659e0_123 .array/port v0x56265b0659e0, 123;
v0x56265b0659e0_124 .array/port v0x56265b0659e0, 124;
v0x56265b0659e0_125 .array/port v0x56265b0659e0, 125;
E_0x56265afc3a50/31 .event edge, v0x56265b0659e0_122, v0x56265b0659e0_123, v0x56265b0659e0_124, v0x56265b0659e0_125;
v0x56265b0659e0_126 .array/port v0x56265b0659e0, 126;
v0x56265b0659e0_127 .array/port v0x56265b0659e0, 127;
E_0x56265afc3a50/32 .event edge, v0x56265b0659e0_126, v0x56265b0659e0_127, v0x56265b065840_0;
E_0x56265afc3a50 .event/or E_0x56265afc3a50/0, E_0x56265afc3a50/1, E_0x56265afc3a50/2, E_0x56265afc3a50/3, E_0x56265afc3a50/4, E_0x56265afc3a50/5, E_0x56265afc3a50/6, E_0x56265afc3a50/7, E_0x56265afc3a50/8, E_0x56265afc3a50/9, E_0x56265afc3a50/10, E_0x56265afc3a50/11, E_0x56265afc3a50/12, E_0x56265afc3a50/13, E_0x56265afc3a50/14, E_0x56265afc3a50/15, E_0x56265afc3a50/16, E_0x56265afc3a50/17, E_0x56265afc3a50/18, E_0x56265afc3a50/19, E_0x56265afc3a50/20, E_0x56265afc3a50/21, E_0x56265afc3a50/22, E_0x56265afc3a50/23, E_0x56265afc3a50/24, E_0x56265afc3a50/25, E_0x56265afc3a50/26, E_0x56265afc3a50/27, E_0x56265afc3a50/28, E_0x56265afc3a50/29, E_0x56265afc3a50/30, E_0x56265afc3a50/31, E_0x56265afc3a50/32;
S_0x56265b066c30 .scope module, "DIG_RegisterFile_i3" "DIG_RegisterFile" 2 559, 2 74 0, S_0x56265b04e380;
 .timescale 0 0;
    .port_info 0 /INPUT 8 "Din";
    .port_info 1 /INPUT 1 "we";
    .port_info 2 /INPUT 3 "Rw";
    .port_info 3 /INPUT 1 "C";
    .port_info 4 /INPUT 3 "Ra";
    .port_info 5 /INPUT 3 "Rb";
    .port_info 6 /OUTPUT 8 "Da";
    .port_info 7 /OUTPUT 8 "Db";
    .port_info 8 /OUTPUT 8 "RH0";
    .port_info 9 /OUTPUT 8 "RH1";
    .port_info 10 /OUTPUT 8 "RH2";
    .port_info 11 /OUTPUT 8 "RH3";
    .port_info 12 /OUTPUT 8 "RH4";
    .port_info 13 /OUTPUT 8 "RH5";
    .port_info 14 /OUTPUT 8 "RH6";
    .port_info 15 /OUTPUT 8 "RH7";
P_0x56265b066e10 .param/l "AddrBits" 0 2 77, +C4<00000000000000000000000000000011>;
P_0x56265b066e50 .param/l "Bits" 0 2 76, +C4<00000000000000000000000000001000>;
L_0x56265b077da0 .functor BUFZ 8, L_0x56265b078210, C4<00000000>, C4<00000000>, C4<00000000>;
L_0x56265b078740 .functor BUFZ 8, L_0x56265b078530, C4<00000000>, C4<00000000>, C4<00000000>;
v0x56265b067160_0 .net "C", 0 0, v0x56265b0770d0_0;  alias, 1 drivers
v0x56265b067230_0 .net "Da", 7 0, L_0x56265b077da0;  alias, 1 drivers
v0x56265b067300_0 .net "Db", 7 0, L_0x56265b078740;  alias, 1 drivers
v0x56265b067400_0 .net "Din", 7 0, v0x56265b072310_0;  alias, 1 drivers
v0x56265b0674a0_0 .net "RH0", 7 0, v0x56265b0675d0_0;  alias, 1 drivers
v0x56265b0675d0_0 .var "RH0_t", 7 0;
v0x56265b0676b0_0 .net "RH1", 7 0, v0x56265b067790_0;  alias, 1 drivers
v0x56265b067790_0 .var "RH1_t", 7 0;
v0x56265b067870_0 .net "RH2", 7 0, v0x56265b0679e0_0;  alias, 1 drivers
v0x56265b0679e0_0 .var "RH2_t", 7 0;
v0x56265b067ac0_0 .net "RH3", 7 0, v0x56265b067ba0_0;  alias, 1 drivers
v0x56265b067ba0_0 .var "RH3_t", 7 0;
v0x56265b067c80_0 .net "RH4", 7 0, v0x56265b067d60_0;  alias, 1 drivers
v0x56265b067d60_0 .var "RH4_t", 7 0;
v0x56265b067e40_0 .net "RH5", 7 0, v0x56265b067f20_0;  alias, 1 drivers
v0x56265b067f20_0 .var "RH5_t", 7 0;
v0x56265b068000_0 .net "RH6", 7 0, v0x56265b0681f0_0;  alias, 1 drivers
v0x56265b0681f0_0 .var "RH6_t", 7 0;
v0x56265b0682d0_0 .net "RH7", 7 0, v0x56265b0683b0_0;  alias, 1 drivers
v0x56265b0683b0_0 .var "RH7_t", 7 0;
v0x56265b068490_0 .net "Ra", 2 0, L_0x56265b08b4b0;  alias, 1 drivers
v0x56265b068550_0 .net "Rb", 2 0, L_0x56265b08b380;  alias, 1 drivers
v0x56265b068610_0 .net "Rw", 2 0, v0x56265b06e860_0;  alias, 1 drivers
v0x56265b0686f0_0 .net *"_ivl_0", 7 0, L_0x56265b078210;  1 drivers
v0x56265b0687d0_0 .net *"_ivl_10", 4 0, L_0x56265b0785d0;  1 drivers
L_0x7fe57b756180 .functor BUFT 1, C4<00>, C4<0>, C4<0>, C4<0>;
v0x56265b0688b0_0 .net *"_ivl_13", 1 0, L_0x7fe57b756180;  1 drivers
v0x56265b068990_0 .net *"_ivl_2", 4 0, L_0x56265b078310;  1 drivers
L_0x7fe57b756138 .functor BUFT 1, C4<00>, C4<0>, C4<0>, C4<0>;
v0x56265b068a70_0 .net *"_ivl_5", 1 0, L_0x7fe57b756138;  1 drivers
v0x56265b068b50_0 .net *"_ivl_8", 7 0, L_0x56265b078530;  1 drivers
v0x56265b068c30 .array "memory", 7 0, 7 0;
v0x56265b068cf0_0 .net "we", 0 0, L_0x56265b08c2c0;  alias, 1 drivers
v0x56265b068db0_0 .var/i "y", 31 0;
L_0x56265b078210 .array/port v0x56265b068c30, L_0x56265b078310;
L_0x56265b078310 .concat [ 3 2 0 0], L_0x56265b08b4b0, L_0x7fe57b756138;
L_0x56265b078530 .array/port v0x56265b068c30, L_0x56265b0785d0;
L_0x56265b0785d0 .concat [ 3 2 0 0], L_0x56265b08b380, L_0x7fe57b756180;
S_0x56265b069090 .scope module, "DIG_Register_BUS_i0" "DIG_Register_BUS" 2 533, 2 6 0, S_0x56265b04e380;
 .timescale 0 0;
    .port_info 0 /INPUT 1 "C";
    .port_info 1 /INPUT 1 "en";
    .port_info 2 /INPUT 8 "D";
    .port_info 3 /OUTPUT 8 "Q";
P_0x56265b063f10 .param/l "Bits" 0 2 7, +C4<00000000000000000000000000001000>;
v0x56265b069360_0 .net "C", 0 0, v0x56265b0770d0_0;  alias, 1 drivers
v0x56265b069470_0 .net "D", 7 0, v0x56265b070190_0;  alias, 1 drivers
v0x56265b069550_0 .net "Q", 7 0, v0x56265b069690_0;  alias, 1 drivers
v0x56265b0695f0_0 .net "en", 0 0, v0x56265b0770d0_0;  alias, 1 drivers
v0x56265b069690_0 .var "state", 7 0;
S_0x56265b069840 .scope module, "DIG_Register_BUS_i12" "DIG_Register_BUS" 2 657, 2 6 0, S_0x56265b04e380;
 .timescale 0 0;
    .port_info 0 /INPUT 1 "C";
    .port_info 1 /INPUT 1 "en";
    .port_info 2 /INPUT 8 "D";
    .port_info 3 /OUTPUT 8 "Q";
P_0x56265b069a20 .param/l "Bits" 0 2 7, +C4<00000000000000000000000000001000>;
v0x56265b069af0_0 .net "C", 0 0, v0x56265b0770d0_0;  alias, 1 drivers
v0x56265b069bb0_0 .net "D", 7 0, v0x56265b00e490_0;  alias, 1 drivers
v0x56265b069c70_0 .net "Q", 7 0, v0x56265b069df0_0;  alias, 1 drivers
v0x56265b069d30_0 .net "en", 0 0, L_0x56265b07a2d0;  alias, 1 drivers
v0x56265b069df0_0 .var "state", 7 0;
S_0x56265b069fa0 .scope module, "DIG_Register_BUS_i13" "DIG_Register_BUS" 2 667, 2 6 0, S_0x56265b04e380;
 .timescale 0 0;
    .port_info 0 /INPUT 1 "C";
    .port_info 1 /INPUT 1 "en";
    .port_info 2 /INPUT 8 "D";
    .port_info 3 /OUTPUT 8 "Q";
P_0x56265b06a180 .param/l "Bits" 0 2 7, +C4<00000000000000000000000000001000>;
v0x56265b06a2e0_0 .net "C", 0 0, v0x56265b0770d0_0;  alias, 1 drivers
v0x56265b06a3a0_0 .net "D", 7 0, v0x56265b0178f0_0;  alias, 1 drivers
v0x56265b06a490_0 .net "Q", 7 0, v0x56265b06a630_0;  alias, 1 drivers
v0x56265b06a560_0 .net "en", 0 0, L_0x56265b07a2d0;  alias, 1 drivers
v0x56265b06a630_0 .var "state", 7 0;
S_0x56265b06a7c0 .scope module, "LUT_CONTROLLER_i18" "LUT_CONTROLLER" 2 710, 2 198 0, S_0x56265b04e380;
 .timescale 0 0;
    .port_info 0 /INPUT 1 "0";
    .port_info 1 /INPUT 1 "1";
    .port_info 2 /INPUT 1 "2";
    .port_info 3 /INPUT 1 "3";
    .port_info 4 /INPUT 1 "4";
    .port_info 5 /INPUT 1 "5";
    .port_info 6 /INPUT 1 "6";
    .port_info 7 /OUTPUT 18 "out";
v0x56265b06af30_0 .net "0", 0 0, L_0x56265b08b920;  alias, 1 drivers
v0x56265b06b010_0 .net "1", 0 0, L_0x56265b08ba40;  alias, 1 drivers
v0x56265b06b0d0_0 .net "2", 0 0, L_0x56265b08bae0;  alias, 1 drivers
v0x56265b06b170_0 .net "3", 0 0, L_0x56265b08bca0;  alias, 1 drivers
v0x56265b06b230_0 .net "4", 0 0, L_0x56265b08bd40;  alias, 1 drivers
v0x56265b06b340_0 .net "5", 0 0, L_0x56265b08be80;  alias, 1 drivers
v0x56265b06b400_0 .net "6", 0 0, L_0x56265b08bf20;  alias, 1 drivers
v0x56265b06b4c0 .array "my_lut", 127 0, 17 0;
v0x56265b06c990_0 .var "out", 17 0;
v0x56265b06ca70_0 .net "temp", 6 0, L_0x56265b07a670;  1 drivers
v0x56265b06b4c0_0 .array/port v0x56265b06b4c0, 0;
v0x56265b06b4c0_1 .array/port v0x56265b06b4c0, 1;
v0x56265b06b4c0_2 .array/port v0x56265b06b4c0, 2;
E_0x56265b06aac0/0 .event edge, v0x56265b06ca70_0, v0x56265b06b4c0_0, v0x56265b06b4c0_1, v0x56265b06b4c0_2;
v0x56265b06b4c0_3 .array/port v0x56265b06b4c0, 3;
v0x56265b06b4c0_4 .array/port v0x56265b06b4c0, 4;
v0x56265b06b4c0_5 .array/port v0x56265b06b4c0, 5;
v0x56265b06b4c0_6 .array/port v0x56265b06b4c0, 6;
E_0x56265b06aac0/1 .event edge, v0x56265b06b4c0_3, v0x56265b06b4c0_4, v0x56265b06b4c0_5, v0x56265b06b4c0_6;
v0x56265b06b4c0_7 .array/port v0x56265b06b4c0, 7;
v0x56265b06b4c0_8 .array/port v0x56265b06b4c0, 8;
v0x56265b06b4c0_9 .array/port v0x56265b06b4c0, 9;
v0x56265b06b4c0_10 .array/port v0x56265b06b4c0, 10;
E_0x56265b06aac0/2 .event edge, v0x56265b06b4c0_7, v0x56265b06b4c0_8, v0x56265b06b4c0_9, v0x56265b06b4c0_10;
v0x56265b06b4c0_11 .array/port v0x56265b06b4c0, 11;
v0x56265b06b4c0_12 .array/port v0x56265b06b4c0, 12;
v0x56265b06b4c0_13 .array/port v0x56265b06b4c0, 13;
v0x56265b06b4c0_14 .array/port v0x56265b06b4c0, 14;
E_0x56265b06aac0/3 .event edge, v0x56265b06b4c0_11, v0x56265b06b4c0_12, v0x56265b06b4c0_13, v0x56265b06b4c0_14;
v0x56265b06b4c0_15 .array/port v0x56265b06b4c0, 15;
v0x56265b06b4c0_16 .array/port v0x56265b06b4c0, 16;
v0x56265b06b4c0_17 .array/port v0x56265b06b4c0, 17;
v0x56265b06b4c0_18 .array/port v0x56265b06b4c0, 18;
E_0x56265b06aac0/4 .event edge, v0x56265b06b4c0_15, v0x56265b06b4c0_16, v0x56265b06b4c0_17, v0x56265b06b4c0_18;
v0x56265b06b4c0_19 .array/port v0x56265b06b4c0, 19;
v0x56265b06b4c0_20 .array/port v0x56265b06b4c0, 20;
v0x56265b06b4c0_21 .array/port v0x56265b06b4c0, 21;
v0x56265b06b4c0_22 .array/port v0x56265b06b4c0, 22;
E_0x56265b06aac0/5 .event edge, v0x56265b06b4c0_19, v0x56265b06b4c0_20, v0x56265b06b4c0_21, v0x56265b06b4c0_22;
v0x56265b06b4c0_23 .array/port v0x56265b06b4c0, 23;
v0x56265b06b4c0_24 .array/port v0x56265b06b4c0, 24;
v0x56265b06b4c0_25 .array/port v0x56265b06b4c0, 25;
v0x56265b06b4c0_26 .array/port v0x56265b06b4c0, 26;
E_0x56265b06aac0/6 .event edge, v0x56265b06b4c0_23, v0x56265b06b4c0_24, v0x56265b06b4c0_25, v0x56265b06b4c0_26;
v0x56265b06b4c0_27 .array/port v0x56265b06b4c0, 27;
v0x56265b06b4c0_28 .array/port v0x56265b06b4c0, 28;
v0x56265b06b4c0_29 .array/port v0x56265b06b4c0, 29;
v0x56265b06b4c0_30 .array/port v0x56265b06b4c0, 30;
E_0x56265b06aac0/7 .event edge, v0x56265b06b4c0_27, v0x56265b06b4c0_28, v0x56265b06b4c0_29, v0x56265b06b4c0_30;
v0x56265b06b4c0_31 .array/port v0x56265b06b4c0, 31;
v0x56265b06b4c0_32 .array/port v0x56265b06b4c0, 32;
v0x56265b06b4c0_33 .array/port v0x56265b06b4c0, 33;
v0x56265b06b4c0_34 .array/port v0x56265b06b4c0, 34;
E_0x56265b06aac0/8 .event edge, v0x56265b06b4c0_31, v0x56265b06b4c0_32, v0x56265b06b4c0_33, v0x56265b06b4c0_34;
v0x56265b06b4c0_35 .array/port v0x56265b06b4c0, 35;
v0x56265b06b4c0_36 .array/port v0x56265b06b4c0, 36;
v0x56265b06b4c0_37 .array/port v0x56265b06b4c0, 37;
v0x56265b06b4c0_38 .array/port v0x56265b06b4c0, 38;
E_0x56265b06aac0/9 .event edge, v0x56265b06b4c0_35, v0x56265b06b4c0_36, v0x56265b06b4c0_37, v0x56265b06b4c0_38;
v0x56265b06b4c0_39 .array/port v0x56265b06b4c0, 39;
v0x56265b06b4c0_40 .array/port v0x56265b06b4c0, 40;
v0x56265b06b4c0_41 .array/port v0x56265b06b4c0, 41;
v0x56265b06b4c0_42 .array/port v0x56265b06b4c0, 42;
E_0x56265b06aac0/10 .event edge, v0x56265b06b4c0_39, v0x56265b06b4c0_40, v0x56265b06b4c0_41, v0x56265b06b4c0_42;
v0x56265b06b4c0_43 .array/port v0x56265b06b4c0, 43;
v0x56265b06b4c0_44 .array/port v0x56265b06b4c0, 44;
v0x56265b06b4c0_45 .array/port v0x56265b06b4c0, 45;
v0x56265b06b4c0_46 .array/port v0x56265b06b4c0, 46;
E_0x56265b06aac0/11 .event edge, v0x56265b06b4c0_43, v0x56265b06b4c0_44, v0x56265b06b4c0_45, v0x56265b06b4c0_46;
v0x56265b06b4c0_47 .array/port v0x56265b06b4c0, 47;
v0x56265b06b4c0_48 .array/port v0x56265b06b4c0, 48;
v0x56265b06b4c0_49 .array/port v0x56265b06b4c0, 49;
v0x56265b06b4c0_50 .array/port v0x56265b06b4c0, 50;
E_0x56265b06aac0/12 .event edge, v0x56265b06b4c0_47, v0x56265b06b4c0_48, v0x56265b06b4c0_49, v0x56265b06b4c0_50;
v0x56265b06b4c0_51 .array/port v0x56265b06b4c0, 51;
v0x56265b06b4c0_52 .array/port v0x56265b06b4c0, 52;
v0x56265b06b4c0_53 .array/port v0x56265b06b4c0, 53;
v0x56265b06b4c0_54 .array/port v0x56265b06b4c0, 54;
E_0x56265b06aac0/13 .event edge, v0x56265b06b4c0_51, v0x56265b06b4c0_52, v0x56265b06b4c0_53, v0x56265b06b4c0_54;
v0x56265b06b4c0_55 .array/port v0x56265b06b4c0, 55;
v0x56265b06b4c0_56 .array/port v0x56265b06b4c0, 56;
v0x56265b06b4c0_57 .array/port v0x56265b06b4c0, 57;
v0x56265b06b4c0_58 .array/port v0x56265b06b4c0, 58;
E_0x56265b06aac0/14 .event edge, v0x56265b06b4c0_55, v0x56265b06b4c0_56, v0x56265b06b4c0_57, v0x56265b06b4c0_58;
v0x56265b06b4c0_59 .array/port v0x56265b06b4c0, 59;
v0x56265b06b4c0_60 .array/port v0x56265b06b4c0, 60;
v0x56265b06b4c0_61 .array/port v0x56265b06b4c0, 61;
v0x56265b06b4c0_62 .array/port v0x56265b06b4c0, 62;
E_0x56265b06aac0/15 .event edge, v0x56265b06b4c0_59, v0x56265b06b4c0_60, v0x56265b06b4c0_61, v0x56265b06b4c0_62;
v0x56265b06b4c0_63 .array/port v0x56265b06b4c0, 63;
v0x56265b06b4c0_64 .array/port v0x56265b06b4c0, 64;
v0x56265b06b4c0_65 .array/port v0x56265b06b4c0, 65;
v0x56265b06b4c0_66 .array/port v0x56265b06b4c0, 66;
E_0x56265b06aac0/16 .event edge, v0x56265b06b4c0_63, v0x56265b06b4c0_64, v0x56265b06b4c0_65, v0x56265b06b4c0_66;
v0x56265b06b4c0_67 .array/port v0x56265b06b4c0, 67;
v0x56265b06b4c0_68 .array/port v0x56265b06b4c0, 68;
v0x56265b06b4c0_69 .array/port v0x56265b06b4c0, 69;
v0x56265b06b4c0_70 .array/port v0x56265b06b4c0, 70;
E_0x56265b06aac0/17 .event edge, v0x56265b06b4c0_67, v0x56265b06b4c0_68, v0x56265b06b4c0_69, v0x56265b06b4c0_70;
v0x56265b06b4c0_71 .array/port v0x56265b06b4c0, 71;
v0x56265b06b4c0_72 .array/port v0x56265b06b4c0, 72;
v0x56265b06b4c0_73 .array/port v0x56265b06b4c0, 73;
v0x56265b06b4c0_74 .array/port v0x56265b06b4c0, 74;
E_0x56265b06aac0/18 .event edge, v0x56265b06b4c0_71, v0x56265b06b4c0_72, v0x56265b06b4c0_73, v0x56265b06b4c0_74;
v0x56265b06b4c0_75 .array/port v0x56265b06b4c0, 75;
v0x56265b06b4c0_76 .array/port v0x56265b06b4c0, 76;
v0x56265b06b4c0_77 .array/port v0x56265b06b4c0, 77;
v0x56265b06b4c0_78 .array/port v0x56265b06b4c0, 78;
E_0x56265b06aac0/19 .event edge, v0x56265b06b4c0_75, v0x56265b06b4c0_76, v0x56265b06b4c0_77, v0x56265b06b4c0_78;
v0x56265b06b4c0_79 .array/port v0x56265b06b4c0, 79;
v0x56265b06b4c0_80 .array/port v0x56265b06b4c0, 80;
v0x56265b06b4c0_81 .array/port v0x56265b06b4c0, 81;
v0x56265b06b4c0_82 .array/port v0x56265b06b4c0, 82;
E_0x56265b06aac0/20 .event edge, v0x56265b06b4c0_79, v0x56265b06b4c0_80, v0x56265b06b4c0_81, v0x56265b06b4c0_82;
v0x56265b06b4c0_83 .array/port v0x56265b06b4c0, 83;
v0x56265b06b4c0_84 .array/port v0x56265b06b4c0, 84;
v0x56265b06b4c0_85 .array/port v0x56265b06b4c0, 85;
v0x56265b06b4c0_86 .array/port v0x56265b06b4c0, 86;
E_0x56265b06aac0/21 .event edge, v0x56265b06b4c0_83, v0x56265b06b4c0_84, v0x56265b06b4c0_85, v0x56265b06b4c0_86;
v0x56265b06b4c0_87 .array/port v0x56265b06b4c0, 87;
v0x56265b06b4c0_88 .array/port v0x56265b06b4c0, 88;
v0x56265b06b4c0_89 .array/port v0x56265b06b4c0, 89;
v0x56265b06b4c0_90 .array/port v0x56265b06b4c0, 90;
E_0x56265b06aac0/22 .event edge, v0x56265b06b4c0_87, v0x56265b06b4c0_88, v0x56265b06b4c0_89, v0x56265b06b4c0_90;
v0x56265b06b4c0_91 .array/port v0x56265b06b4c0, 91;
v0x56265b06b4c0_92 .array/port v0x56265b06b4c0, 92;
v0x56265b06b4c0_93 .array/port v0x56265b06b4c0, 93;
v0x56265b06b4c0_94 .array/port v0x56265b06b4c0, 94;
E_0x56265b06aac0/23 .event edge, v0x56265b06b4c0_91, v0x56265b06b4c0_92, v0x56265b06b4c0_93, v0x56265b06b4c0_94;
v0x56265b06b4c0_95 .array/port v0x56265b06b4c0, 95;
v0x56265b06b4c0_96 .array/port v0x56265b06b4c0, 96;
v0x56265b06b4c0_97 .array/port v0x56265b06b4c0, 97;
v0x56265b06b4c0_98 .array/port v0x56265b06b4c0, 98;
E_0x56265b06aac0/24 .event edge, v0x56265b06b4c0_95, v0x56265b06b4c0_96, v0x56265b06b4c0_97, v0x56265b06b4c0_98;
v0x56265b06b4c0_99 .array/port v0x56265b06b4c0, 99;
v0x56265b06b4c0_100 .array/port v0x56265b06b4c0, 100;
v0x56265b06b4c0_101 .array/port v0x56265b06b4c0, 101;
v0x56265b06b4c0_102 .array/port v0x56265b06b4c0, 102;
E_0x56265b06aac0/25 .event edge, v0x56265b06b4c0_99, v0x56265b06b4c0_100, v0x56265b06b4c0_101, v0x56265b06b4c0_102;
v0x56265b06b4c0_103 .array/port v0x56265b06b4c0, 103;
v0x56265b06b4c0_104 .array/port v0x56265b06b4c0, 104;
v0x56265b06b4c0_105 .array/port v0x56265b06b4c0, 105;
v0x56265b06b4c0_106 .array/port v0x56265b06b4c0, 106;
E_0x56265b06aac0/26 .event edge, v0x56265b06b4c0_103, v0x56265b06b4c0_104, v0x56265b06b4c0_105, v0x56265b06b4c0_106;
v0x56265b06b4c0_107 .array/port v0x56265b06b4c0, 107;
v0x56265b06b4c0_108 .array/port v0x56265b06b4c0, 108;
v0x56265b06b4c0_109 .array/port v0x56265b06b4c0, 109;
v0x56265b06b4c0_110 .array/port v0x56265b06b4c0, 110;
E_0x56265b06aac0/27 .event edge, v0x56265b06b4c0_107, v0x56265b06b4c0_108, v0x56265b06b4c0_109, v0x56265b06b4c0_110;
v0x56265b06b4c0_111 .array/port v0x56265b06b4c0, 111;
v0x56265b06b4c0_112 .array/port v0x56265b06b4c0, 112;
v0x56265b06b4c0_113 .array/port v0x56265b06b4c0, 113;
v0x56265b06b4c0_114 .array/port v0x56265b06b4c0, 114;
E_0x56265b06aac0/28 .event edge, v0x56265b06b4c0_111, v0x56265b06b4c0_112, v0x56265b06b4c0_113, v0x56265b06b4c0_114;
v0x56265b06b4c0_115 .array/port v0x56265b06b4c0, 115;
v0x56265b06b4c0_116 .array/port v0x56265b06b4c0, 116;
v0x56265b06b4c0_117 .array/port v0x56265b06b4c0, 117;
v0x56265b06b4c0_118 .array/port v0x56265b06b4c0, 118;
E_0x56265b06aac0/29 .event edge, v0x56265b06b4c0_115, v0x56265b06b4c0_116, v0x56265b06b4c0_117, v0x56265b06b4c0_118;
v0x56265b06b4c0_119 .array/port v0x56265b06b4c0, 119;
v0x56265b06b4c0_120 .array/port v0x56265b06b4c0, 120;
v0x56265b06b4c0_121 .array/port v0x56265b06b4c0, 121;
v0x56265b06b4c0_122 .array/port v0x56265b06b4c0, 122;
E_0x56265b06aac0/30 .event edge, v0x56265b06b4c0_119, v0x56265b06b4c0_120, v0x56265b06b4c0_121, v0x56265b06b4c0_122;
v0x56265b06b4c0_123 .array/port v0x56265b06b4c0, 123;
v0x56265b06b4c0_124 .array/port v0x56265b06b4c0, 124;
v0x56265b06b4c0_125 .array/port v0x56265b06b4c0, 125;
v0x56265b06b4c0_126 .array/port v0x56265b06b4c0, 126;
E_0x56265b06aac0/31 .event edge, v0x56265b06b4c0_123, v0x56265b06b4c0_124, v0x56265b06b4c0_125, v0x56265b06b4c0_126;
v0x56265b06b4c0_127 .array/port v0x56265b06b4c0, 127;
E_0x56265b06aac0/32 .event edge, v0x56265b06b4c0_127;
E_0x56265b06aac0 .event/or E_0x56265b06aac0/0, E_0x56265b06aac0/1, E_0x56265b06aac0/2, E_0x56265b06aac0/3, E_0x56265b06aac0/4, E_0x56265b06aac0/5, E_0x56265b06aac0/6, E_0x56265b06aac0/7, E_0x56265b06aac0/8, E_0x56265b06aac0/9, E_0x56265b06aac0/10, E_0x56265b06aac0/11, E_0x56265b06aac0/12, E_0x56265b06aac0/13, E_0x56265b06aac0/14, E_0x56265b06aac0/15, E_0x56265b06aac0/16, E_0x56265b06aac0/17, E_0x56265b06aac0/18, E_0x56265b06aac0/19, E_0x56265b06aac0/20, E_0x56265b06aac0/21, E_0x56265b06aac0/22, E_0x56265b06aac0/23, E_0x56265b06aac0/24, E_0x56265b06aac0/25, E_0x56265b06aac0/26, E_0x56265b06aac0/27, E_0x56265b06aac0/28, E_0x56265b06aac0/29, E_0x56265b06aac0/30, E_0x56265b06aac0/31, E_0x56265b06aac0/32;
LS_0x56265b07a670_0_0 .concat [ 1 1 1 1], L_0x56265b08b920, L_0x56265b08ba40, L_0x56265b08bae0, L_0x56265b08bca0;
LS_0x56265b07a670_0_4 .concat [ 1 1 1 0], L_0x56265b08bd40, L_0x56265b08be80, L_0x56265b08bf20;
L_0x56265b07a670 .concat [ 4 3 0 0], LS_0x56265b07a670_0_0, LS_0x56265b07a670_0_4;
S_0x56265b06cc50 .scope module, "Mux_2x1_NBits_i10" "Mux_2x1_NBits" 2 637, 2 138 0, S_0x56265b04e380;
 .timescale 0 0;
    .port_info 0 /INPUT 1 "sel";
    .port_info 1 /INPUT 8 "in_0";
    .port_info 2 /INPUT 8 "in_1";
    .port_info 3 /OUTPUT 8 "out";
P_0x56265b06cde0 .param/l "Bits" 0 2 139, +C4<00000000000000000000000000001000>;
v0x56265b06cfd0_0 .net "in_0", 7 0, L_0x56265b077f80;  alias, 1 drivers
v0x56265b06d100_0 .net "in_1", 7 0, L_0x56265b079a40;  alias, 1 drivers
v0x56265b06d1c0_0 .var "out", 7 0;
v0x56265b06d290_0 .net "sel", 0 0, L_0x56265b079f00;  alias, 1 drivers
E_0x56265b06cf40 .event edge, v0x56265b06d1c0_0, v0x56265b063c80_0, v0x56265b063010_0, v0x56265b06d290_0;
S_0x56265b06d420 .scope module, "Mux_2x1_NBits_i11" "Mux_2x1_NBits" 2 647, 2 138 0, S_0x56265b04e380;
 .timescale 0 0;
    .port_info 0 /INPUT 1 "sel";
    .port_info 1 /INPUT 8 "in_0";
    .port_info 2 /INPUT 8 "in_1";
    .port_info 3 /OUTPUT 8 "out";
P_0x56265b06d600 .param/l "Bits" 0 2 139, +C4<00000000000000000000000000001000>;
v0x56265b06d760_0 .net "in_0", 7 0, v0x56265b06d1c0_0;  alias, 1 drivers
v0x56265b06d870_0 .net "in_1", 7 0, L_0x56265b08b880;  alias, 1 drivers
v0x56265b06d930_0 .var "out", 7 0;
v0x56265b06da20_0 .net "sel", 0 0, L_0x56265b08c680;  alias, 1 drivers
E_0x56265b06d6d0 .event edge, v0x56265b06d930_0, v0x56265b06d870_0, v0x56265b06d1c0_0, v0x56265b06da20_0;
S_0x56265b06dbb0 .scope module, "Mux_2x1_NBits_i14" "Mux_2x1_NBits" 2 676, 2 138 0, S_0x56265b04e380;
 .timescale 0 0;
    .port_info 0 /INPUT 1 "sel";
    .port_info 1 /INPUT 8 "in_0";
    .port_info 2 /INPUT 8 "in_1";
    .port_info 3 /OUTPUT 8 "out";
P_0x56265b06dd90 .param/l "Bits" 0 2 139, +C4<00000000000000000000000000001000>;
v0x56265b06def0_0 .net "in_0", 7 0, L_0x56265b0790f0;  alias, 1 drivers
v0x56265b06e000_0 .net "in_1", 7 0, L_0x56265b07ab70;  alias, 1 drivers
v0x56265b06e0c0_0 .var "out", 7 0;
v0x56265b06e1b0_0 .net "sel", 0 0, L_0x56265b08cdb0;  alias, 1 drivers
E_0x56265b06de60 .event edge, v0x56265b06e0c0_0, v0x56265b06e000_0, v0x56265b0642f0_0, v0x56265b06e1b0_0;
S_0x56265b06e340 .scope module, "Mux_2x1_NBits_i15" "Mux_2x1_NBits" 2 685, 2 138 0, S_0x56265b04e380;
 .timescale 0 0;
    .port_info 0 /INPUT 1 "sel";
    .port_info 1 /INPUT 3 "in_0";
    .port_info 2 /INPUT 3 "in_1";
    .port_info 3 /OUTPUT 3 "out";
P_0x56265b06e520 .param/l "Bits" 0 2 139, +C4<00000000000000000000000000000011>;
v0x56265b06e680_0 .net "in_0", 2 0, v0x56265b070970_0;  alias, 1 drivers
L_0x7fe57b7562e8 .functor BUFT 1, C4<111>, C4<0>, C4<0>, C4<0>;
v0x56265b06e780_0 .net "in_1", 2 0, L_0x7fe57b7562e8;  1 drivers
v0x56265b06e860_0 .var "out", 2 0;
v0x56265b06e960_0 .net "sel", 0 0, L_0x56265b08cea0;  alias, 1 drivers
E_0x56265b06e5f0 .event edge, v0x56265b068610_0, v0x56265b06e780_0, v0x56265b06e680_0, v0x56265b06e960_0;
S_0x56265b06ead0 .scope module, "Mux_2x1_NBits_i16" "Mux_2x1_NBits" 2 694, 2 138 0, S_0x56265b04e380;
 .timescale 0 0;
    .port_info 0 /INPUT 1 "sel";
    .port_info 1 /INPUT 8 "in_0";
    .port_info 2 /INPUT 8 "in_1";
    .port_info 3 /OUTPUT 8 "out";
P_0x56265b06edc0 .param/l "Bits" 0 2 139, +C4<00000000000000000000000000001000>;
v0x56265b06ef90_0 .net "in_0", 7 0, v0x56265b071930_0;  alias, 1 drivers
v0x56265b06f090_0 .net "in_1", 7 0, L_0x56265b07a480;  alias, 1 drivers
v0x56265b06f180_0 .var "out", 7 0;
v0x56265b06f250_0 .net "sel", 0 0, L_0x56265b08cea0;  alias, 1 drivers
E_0x56265b06ef00 .event edge, v0x56265b06f180_0, v0x56265b062500_0, v0x56265b06ef90_0, v0x56265b06e960_0;
S_0x56265b06f3d0 .scope module, "Mux_2x1_NBits_i20" "Mux_2x1_NBits" 2 734, 2 138 0, S_0x56265b04e380;
 .timescale 0 0;
    .port_info 0 /INPUT 1 "sel";
    .port_info 1 /INPUT 2 "in_0";
    .port_info 2 /INPUT 2 "in_1";
    .port_info 3 /OUTPUT 2 "out";
P_0x56265b06f5b0 .param/l "Bits" 0 2 139, +C4<00000000000000000000000000000010>;
L_0x7fe57b756408 .functor BUFT 1, C4<00>, C4<0>, C4<0>, C4<0>;
v0x56265b06f780_0 .net "in_0", 1 0, L_0x7fe57b756408;  1 drivers
v0x56265b06f880_0 .net "in_1", 1 0, L_0x56265b08d050;  alias, 1 drivers
v0x56265b06f960_0 .var "out", 1 0;
v0x56265b06fa50_0 .net "sel", 0 0, L_0x56265b08cbc0;  alias, 1 drivers
E_0x56265b06f6f0 .event edge, v0x56265b06f960_0, v0x56265b06f880_0, v0x56265b06f780_0, v0x56265b06fa50_0;
S_0x56265b06fbe0 .scope module, "Mux_2x1_NBits_i21" "Mux_2x1_NBits" 2 744, 2 138 0, S_0x56265b04e380;
 .timescale 0 0;
    .port_info 0 /INPUT 1 "sel";
    .port_info 1 /INPUT 8 "in_0";
    .port_info 2 /INPUT 8 "in_1";
    .port_info 3 /OUTPUT 8 "out";
P_0x56265b06fdc0 .param/l "Bits" 0 2 139, +C4<00000000000000000000000000001000>;
v0x56265b06ff90_0 .net "in_0", 7 0, v0x56265b06d930_0;  alias, 1 drivers
v0x56265b0700a0_0 .net "in_1", 7 0, L_0x56265b077da0;  alias, 1 drivers
v0x56265b070190_0 .var "out", 7 0;
v0x56265b070260_0 .net "sel", 0 0, L_0x56265b08cad0;  alias, 1 drivers
E_0x56265b06ff00 .event edge, v0x56265b069470_0, v0x56265b014600_0, v0x56265b06d930_0, v0x56265b070260_0;
S_0x56265b0703d0 .scope module, "Mux_2x1_NBits_i4" "Mux_2x1_NBits" 2 580, 2 138 0, S_0x56265b04e380;
 .timescale 0 0;
    .port_info 0 /INPUT 1 "sel";
    .port_info 1 /INPUT 3 "in_0";
    .port_info 2 /INPUT 3 "in_1";
    .port_info 3 /OUTPUT 3 "out";
P_0x56265b0705b0 .param/l "Bits" 0 2 139, +C4<00000000000000000000000000000011>;
v0x56265b070780_0 .net "in_0", 2 0, L_0x56265b08b770;  alias, 1 drivers
v0x56265b070880_0 .net "in_1", 2 0, L_0x56265b08b380;  alias, 1 drivers
v0x56265b070970_0 .var "out", 2 0;
v0x56265b070a70_0 .net "sel", 0 0, L_0x56265b08bde0;  alias, 1 drivers
E_0x56265b0706f0 .event edge, v0x56265b06e680_0, v0x56265b068550_0, v0x56265b070780_0, v0x56265b070a70_0;
S_0x56265b070bc0 .scope module, "Mux_2x1_NBits_i6" "Mux_2x1_NBits" 2 597, 2 138 0, S_0x56265b04e380;
 .timescale 0 0;
    .port_info 0 /INPUT 1 "sel";
    .port_info 1 /INPUT 8 "in_0";
    .port_info 2 /INPUT 8 "in_1";
    .port_info 3 /OUTPUT 8 "out";
P_0x56265b070da0 .param/l "Bits" 0 2 139, +C4<00000000000000000000000000001000>;
v0x56265b070f70_0 .net "in_0", 7 0, L_0x56265b078740;  alias, 1 drivers
v0x56265b0710a0_0 .net "in_1", 7 0, v0x56265b06e0c0_0;  alias, 1 drivers
v0x56265b071160_0 .var "out", 7 0;
v0x56265b071260_0 .net "sel", 0 0, L_0x56265b08c070;  alias, 1 drivers
E_0x56265b070ee0 .event edge, v0x56265b01a460_0, v0x56265b06e0c0_0, v0x56265b0648e0_0, v0x56265b071260_0;
S_0x56265b0713b0 .scope module, "Mux_2x1_NBits_i8" "Mux_2x1_NBits" 2 619, 2 138 0, S_0x56265b04e380;
 .timescale 0 0;
    .port_info 0 /INPUT 1 "sel";
    .port_info 1 /INPUT 8 "in_0";
    .port_info 2 /INPUT 8 "in_1";
    .port_info 3 /OUTPUT 8 "out";
P_0x56265b071590 .param/l "Bits" 0 2 139, +C4<00000000000000000000000000001000>;
v0x56265b071760_0 .net "in_0", 7 0, v0x56265b00e490_0;  alias, 1 drivers
v0x56265b071840_0 .net "in_1", 7 0, L_0x56265b0793c0;  alias, 1 drivers
v0x56265b071930_0 .var "out", 7 0;
v0x56265b071a30_0 .net "sel", 0 0, L_0x56265b08c1d0;  alias, 1 drivers
E_0x56265b0716d0 .event edge, v0x56265b06ef90_0, v0x56265b0647f0_0, v0x56265b00e490_0, v0x56265b071a30_0;
S_0x56265b071b80 .scope module, "Mux_4x1_NBits_i19" "Mux_4x1_NBits" 2 723, 2 349 0, S_0x56265b04e380;
 .timescale 0 0;
    .port_info 0 /INPUT 2 "sel";
    .port_info 1 /INPUT 8 "in_0";
    .port_info 2 /INPUT 8 "in_1";
    .port_info 3 /INPUT 8 "in_2";
    .port_info 4 /INPUT 8 "in_3";
    .port_info 5 /OUTPUT 8 "out";
P_0x56265b071d60 .param/l "Bits" 0 2 350, +C4<00000000000000000000000000001000>;
v0x56265b071f70_0 .net "in_0", 7 0, v0x56265b06f180_0;  alias, 1 drivers
v0x56265b072080_0 .net "in_1", 7 0, v0x56265b06f180_0;  alias, 1 drivers
v0x56265b072170_0 .net "in_2", 7 0, v0x56265b06a630_0;  alias, 1 drivers
v0x56265b072240_0 .net "in_3", 7 0, v0x56265b069df0_0;  alias, 1 drivers
v0x56265b072310_0 .var "out", 7 0;
v0x56265b072400_0 .net "sel", 1 0, v0x56265b06f960_0;  alias, 1 drivers
E_0x56265b071ee0/0 .event edge, v0x56265b06f960_0, v0x56265b06f180_0, v0x56265b06f180_0, v0x56265b06a490_0;
E_0x56265b071ee0/1 .event edge, v0x56265b069c70_0;
E_0x56265b071ee0 .event/or E_0x56265b071ee0/0, E_0x56265b071ee0/1;
    .scope S_0x56265b069090;
T_0 ;
    %pushi/vec4 0, 0, 8;
    %store/vec4 v0x56265b069690_0, 0, 8;
    %end;
    .thread T_0;
    .scope S_0x56265b069090;
T_1 ;
    %wait E_0x56265af751f0;
    %load/vec4 v0x56265b0695f0_0;
    %flag_set/vec4 8;
    %jmp/0xz  T_1.0, 8;
    %load/vec4 v0x56265b069470_0;
    %assign/vec4 v0x56265b069690_0, 0;
T_1.0 ;
    %jmp T_1;
    .thread T_1;
    .scope S_0x56265b0650d0;
T_2 ;
    %wait E_0x56265afc3a50;
    %load/vec4 v0x56265b066aa0_0;
    %inv;
    %flag_set/vec4 8;
    %jmp/0xz  T_2.0, 8;
    %pushi/vec4 0, 65535, 16;
    %store/vec4 v0x56265b065840_0, 0, 16;
    %jmp T_2.1;
T_2.0 ;
    %load/vec4 v0x56265b065710_0;
    %pad/u 32;
    %cmpi/u 127, 0, 32;
    %flag_or 5, 4; GT is !LE
    %flag_inv 5;
    %jmp/0xz  T_2.2, 5;
    %pushi/vec4 0, 0, 16;
    %store/vec4 v0x56265b065840_0, 0, 16;
    %jmp T_2.3;
T_2.2 ;
    %load/vec4 v0x56265b065710_0;
    %pad/u 9;
    %ix/vec4 4;
    %load/vec4a v0x56265b0659e0, 4;
    %store/vec4 v0x56265b065840_0, 0, 16;
T_2.3 ;
T_2.1 ;
    %vpi_call 2 40 "$display", "PC = %0d > %h", v0x56265b065710_0, v0x56265b065840_0 {0 0 0};
    %jmp T_2;
    .thread T_2, $push;
    .scope S_0x56265b0650d0;
T_3 ;
    %pushi/vec4 0, 0, 32;
    %store/vec4 v0x56265b065920_0, 0, 32;
T_3.0 ;
    %load/vec4 v0x56265b065920_0;
    %cmpi/s 128, 0, 32;
    %jmp/0xz T_3.1, 5;
    %pushi/vec4 0, 0, 16;
    %ix/getv/s 4, v0x56265b065920_0;
    %store/vec4a v0x56265b0659e0, 4, 0;
    %load/vec4 v0x56265b065920_0;
    %addi 1, 0, 32;
    %store/vec4 v0x56265b065920_0, 0, 32;
    %jmp T_3.0;
T_3.1 ;
    %pushi/vec4 28756, 0, 16;
    %ix/load 4, 0, 0;
    %flag_set/imm 4, 0;
    %store/vec4a v0x56265b0659e0, 4, 0;
    %pushi/vec4 28810, 0, 16;
    %ix/load 4, 1, 0;
    %flag_set/imm 4, 0;
    %store/vec4a v0x56265b0659e0, 4, 0;
    %pushi/vec4 8858, 0, 16;
    %ix/load 4, 2, 0;
    %flag_set/imm 4, 0;
    %store/vec4a v0x56265b0659e0, 4, 0;
    %pushi/vec4 20673, 0, 16;
    %ix/load 4, 3, 0;
    %flag_set/imm 4, 0;
    %store/vec4a v0x56265b0659e0, 4, 0;
    %pushi/vec4 28741, 0, 16;
    %ix/load 4, 4, 0;
    %flag_set/imm 4, 0;
    %store/vec4a v0x56265b0659e0, 4, 0;
    %end;
    .thread T_3;
    .scope S_0x56265b066c30;
T_4 ;
    %pushi/vec4 0, 0, 32;
    %store/vec4 v0x56265b068db0_0, 0, 32;
T_4.0 ;
    %load/vec4 v0x56265b068db0_0;
    %cmpi/s 16, 0, 32;
    %jmp/0xz T_4.1, 5;
    %pushi/vec4 0, 0, 8;
    %ix/getv/s 4, v0x56265b068db0_0;
    %store/vec4a v0x56265b068c30, 4, 0;
    %load/vec4 v0x56265b068db0_0;
    %addi 1, 0, 32;
    %store/vec4 v0x56265b068db0_0, 0, 32;
    %jmp T_4.0;
T_4.1 ;
    %end;
    .thread T_4;
    .scope S_0x56265b066c30;
T_5 ;
    %wait E_0x56265af751f0;
    %load/vec4 v0x56265b068cf0_0;
    %flag_set/vec4 8;
    %jmp/0xz  T_5.0, 8;
    %load/vec4 v0x56265b067400_0;
    %load/vec4 v0x56265b068610_0;
    %pad/u 5;
    %ix/vec4 3;
    %ix/load 4, 0, 0; Constant delay
    %assign/vec4/a/d v0x56265b068c30, 0, 4;
T_5.0 ;
    %ix/load 4, 0, 0;
    %flag_set/imm 4, 0;
    %load/vec4a v0x56265b068c30, 4;
    %store/vec4 v0x56265b0675d0_0, 0, 8;
    %ix/load 4, 1, 0;
    %flag_set/imm 4, 0;
    %load/vec4a v0x56265b068c30, 4;
    %store/vec4 v0x56265b067790_0, 0, 8;
    %ix/load 4, 2, 0;
    %flag_set/imm 4, 0;
    %load/vec4a v0x56265b068c30, 4;
    %store/vec4 v0x56265b0679e0_0, 0, 8;
    %ix/load 4, 3, 0;
    %flag_set/imm 4, 0;
    %load/vec4a v0x56265b068c30, 4;
    %store/vec4 v0x56265b067ba0_0, 0, 8;
    %ix/load 4, 4, 0;
    %flag_set/imm 4, 0;
    %load/vec4a v0x56265b068c30, 4;
    %store/vec4 v0x56265b067d60_0, 0, 8;
    %ix/load 4, 5, 0;
    %flag_set/imm 4, 0;
    %load/vec4a v0x56265b068c30, 4;
    %store/vec4 v0x56265b067f20_0, 0, 8;
    %ix/load 4, 6, 0;
    %flag_set/imm 4, 0;
    %load/vec4a v0x56265b068c30, 4;
    %store/vec4 v0x56265b0681f0_0, 0, 8;
    %ix/load 4, 7, 0;
    %flag_set/imm 4, 0;
    %load/vec4a v0x56265b068c30, 4;
    %store/vec4 v0x56265b0683b0_0, 0, 8;
    %jmp T_5;
    .thread T_5;
    .scope S_0x56265b0703d0;
T_6 ;
    %wait E_0x56265b0706f0;
    %load/vec4 v0x56265b070a70_0;
    %dup/vec4;
    %pushi/vec4 0, 0, 1;
    %cmp/u;
    %jmp/1 T_6.0, 6;
    %dup/vec4;
    %pushi/vec4 1, 0, 1;
    %cmp/u;
    %jmp/1 T_6.1, 6;
    %pushi/vec4 0, 0, 3;
    %store/vec4 v0x56265b070970_0, 0, 3;
    %jmp T_6.3;
T_6.0 ;
    %load/vec4 v0x56265b070780_0;
    %store/vec4 v0x56265b070970_0, 0, 3;
    %jmp T_6.3;
T_6.1 ;
    %load/vec4 v0x56265b070880_0;
    %store/vec4 v0x56265b070970_0, 0, 3;
    %jmp T_6.3;
T_6.3 ;
    %pop/vec4 1;
    %jmp T_6;
    .thread T_6, $push;
    .scope S_0x56265b070bc0;
T_7 ;
    %wait E_0x56265b070ee0;
    %load/vec4 v0x56265b071260_0;
    %dup/vec4;
    %pushi/vec4 0, 0, 1;
    %cmp/u;
    %jmp/1 T_7.0, 6;
    %dup/vec4;
    %pushi/vec4 1, 0, 1;
    %cmp/u;
    %jmp/1 T_7.1, 6;
    %pushi/vec4 0, 0, 8;
    %store/vec4 v0x56265b071160_0, 0, 8;
    %jmp T_7.3;
T_7.0 ;
    %load/vec4 v0x56265b070f70_0;
    %store/vec4 v0x56265b071160_0, 0, 8;
    %jmp T_7.3;
T_7.1 ;
    %load/vec4 v0x56265b0710a0_0;
    %store/vec4 v0x56265b071160_0, 0, 8;
    %jmp T_7.3;
T_7.3 ;
    %pop/vec4 1;
    %jmp T_7;
    .thread T_7, $push;
    .scope S_0x56265b04f880;
T_8 ;
    %wait E_0x56265af751f0;
    %load/vec4 v0x56265b064f10_0;
    %flag_set/vec4 8;
    %jmp/0xz  T_8.0, 8;
    %load/vec4 v0x56265b0648e0_0;
    %load/vec4 v0x56265b064640_0;
    %pad/u 10;
    %ix/vec4 3;
    %ix/load 4, 0, 0; Constant delay
    %assign/vec4/a/d v0x56265b064e50, 0, 4;
T_8.0 ;
    %jmp T_8;
    .thread T_8;
    .scope S_0x56265b0713b0;
T_9 ;
    %wait E_0x56265b0716d0;
    %load/vec4 v0x56265b071a30_0;
    %dup/vec4;
    %pushi/vec4 0, 0, 1;
    %cmp/u;
    %jmp/1 T_9.0, 6;
    %dup/vec4;
    %pushi/vec4 1, 0, 1;
    %cmp/u;
    %jmp/1 T_9.1, 6;
    %pushi/vec4 0, 0, 8;
    %store/vec4 v0x56265b071930_0, 0, 8;
    %jmp T_9.3;
T_9.0 ;
    %load/vec4 v0x56265b071760_0;
    %store/vec4 v0x56265b071930_0, 0, 8;
    %jmp T_9.3;
T_9.1 ;
    %load/vec4 v0x56265b071840_0;
    %store/vec4 v0x56265b071930_0, 0, 8;
    %jmp T_9.3;
T_9.3 ;
    %pop/vec4 1;
    %jmp T_9;
    .thread T_9, $push;
    .scope S_0x56265b06cc50;
T_10 ;
    %wait E_0x56265b06cf40;
    %load/vec4 v0x56265b06d290_0;
    %dup/vec4;
    %pushi/vec4 0, 0, 1;
    %cmp/u;
    %jmp/1 T_10.0, 6;
    %dup/vec4;
    %pushi/vec4 1, 0, 1;
    %cmp/u;
    %jmp/1 T_10.1, 6;
    %pushi/vec4 0, 0, 8;
    %store/vec4 v0x56265b06d1c0_0, 0, 8;
    %jmp T_10.3;
T_10.0 ;
    %load/vec4 v0x56265b06cfd0_0;
    %store/vec4 v0x56265b06d1c0_0, 0, 8;
    %jmp T_10.3;
T_10.1 ;
    %load/vec4 v0x56265b06d100_0;
    %store/vec4 v0x56265b06d1c0_0, 0, 8;
    %jmp T_10.3;
T_10.3 ;
    %pop/vec4 1;
    %jmp T_10;
    .thread T_10, $push;
    .scope S_0x56265b06d420;
T_11 ;
    %wait E_0x56265b06d6d0;
    %load/vec4 v0x56265b06da20_0;
    %dup/vec4;
    %pushi/vec4 0, 0, 1;
    %cmp/u;
    %jmp/1 T_11.0, 6;
    %dup/vec4;
    %pushi/vec4 1, 0, 1;
    %cmp/u;
    %jmp/1 T_11.1, 6;
    %pushi/vec4 0, 0, 8;
    %store/vec4 v0x56265b06d930_0, 0, 8;
    %jmp T_11.3;
T_11.0 ;
    %load/vec4 v0x56265b06d760_0;
    %store/vec4 v0x56265b06d930_0, 0, 8;
    %jmp T_11.3;
T_11.1 ;
    %load/vec4 v0x56265b06d870_0;
    %store/vec4 v0x56265b06d930_0, 0, 8;
    %jmp T_11.3;
T_11.3 ;
    %pop/vec4 1;
    %jmp T_11;
    .thread T_11, $push;
    .scope S_0x56265b069840;
T_12 ;
    %pushi/vec4 0, 0, 8;
    %store/vec4 v0x56265b069df0_0, 0, 8;
    %end;
    .thread T_12;
    .scope S_0x56265b069840;
T_13 ;
    %wait E_0x56265af751f0;
    %load/vec4 v0x56265b069d30_0;
    %flag_set/vec4 8;
    %jmp/0xz  T_13.0, 8;
    %load/vec4 v0x56265b069bb0_0;
    %assign/vec4 v0x56265b069df0_0, 0;
T_13.0 ;
    %jmp T_13;
    .thread T_13;
    .scope S_0x56265b069fa0;
T_14 ;
    %pushi/vec4 0, 0, 8;
    %store/vec4 v0x56265b06a630_0, 0, 8;
    %end;
    .thread T_14;
    .scope S_0x56265b069fa0;
T_15 ;
    %wait E_0x56265af751f0;
    %load/vec4 v0x56265b06a560_0;
    %flag_set/vec4 8;
    %jmp/0xz  T_15.0, 8;
    %load/vec4 v0x56265b06a3a0_0;
    %assign/vec4 v0x56265b06a630_0, 0;
T_15.0 ;
    %jmp T_15;
    .thread T_15;
    .scope S_0x56265b06dbb0;
T_16 ;
    %wait E_0x56265b06de60;
    %load/vec4 v0x56265b06e1b0_0;
    %dup/vec4;
    %pushi/vec4 0, 0, 1;
    %cmp/u;
    %jmp/1 T_16.0, 6;
    %dup/vec4;
    %pushi/vec4 1, 0, 1;
    %cmp/u;
    %jmp/1 T_16.1, 6;
    %pushi/vec4 0, 0, 8;
    %store/vec4 v0x56265b06e0c0_0, 0, 8;
    %jmp T_16.3;
T_16.0 ;
    %load/vec4 v0x56265b06def0_0;
    %store/vec4 v0x56265b06e0c0_0, 0, 8;
    %jmp T_16.3;
T_16.1 ;
    %load/vec4 v0x56265b06e000_0;
    %store/vec4 v0x56265b06e0c0_0, 0, 8;
    %jmp T_16.3;
T_16.3 ;
    %pop/vec4 1;
    %jmp T_16;
    .thread T_16, $push;
    .scope S_0x56265b06e340;
T_17 ;
    %wait E_0x56265b06e5f0;
    %load/vec4 v0x56265b06e960_0;
    %dup/vec4;
    %pushi/vec4 0, 0, 1;
    %cmp/u;
    %jmp/1 T_17.0, 6;
    %dup/vec4;
    %pushi/vec4 1, 0, 1;
    %cmp/u;
    %jmp/1 T_17.1, 6;
    %pushi/vec4 0, 0, 3;
    %store/vec4 v0x56265b06e860_0, 0, 3;
    %jmp T_17.3;
T_17.0 ;
    %load/vec4 v0x56265b06e680_0;
    %store/vec4 v0x56265b06e860_0, 0, 3;
    %jmp T_17.3;
T_17.1 ;
    %load/vec4 v0x56265b06e780_0;
    %store/vec4 v0x56265b06e860_0, 0, 3;
    %jmp T_17.3;
T_17.3 ;
    %pop/vec4 1;
    %jmp T_17;
    .thread T_17, $push;
    .scope S_0x56265b06ead0;
T_18 ;
    %wait E_0x56265b06ef00;
    %load/vec4 v0x56265b06f250_0;
    %dup/vec4;
    %pushi/vec4 0, 0, 1;
    %cmp/u;
    %jmp/1 T_18.0, 6;
    %dup/vec4;
    %pushi/vec4 1, 0, 1;
    %cmp/u;
    %jmp/1 T_18.1, 6;
    %pushi/vec4 0, 0, 8;
    %store/vec4 v0x56265b06f180_0, 0, 8;
    %jmp T_18.3;
T_18.0 ;
    %load/vec4 v0x56265b06ef90_0;
    %store/vec4 v0x56265b06f180_0, 0, 8;
    %jmp T_18.3;
T_18.1 ;
    %load/vec4 v0x56265b06f090_0;
    %store/vec4 v0x56265b06f180_0, 0, 8;
    %jmp T_18.3;
T_18.3 ;
    %pop/vec4 1;
    %jmp T_18;
    .thread T_18, $push;
    .scope S_0x56265b06a7c0;
T_19 ;
    %wait E_0x56265b06aac0;
    %load/vec4 v0x56265b06ca70_0;
    %pad/u 9;
    %ix/vec4 4;
    %load/vec4a v0x56265b06b4c0, 4;
    %store/vec4 v0x56265b06c990_0, 0, 18;
    %jmp T_19;
    .thread T_19, $push;
    .scope S_0x56265b06a7c0;
T_20 ;
    %pushi/vec4 0, 0, 18;
    %ix/load 4, 0, 0;
    %flag_set/imm 4, 0;
    %store/vec4a v0x56265b06b4c0, 4, 0;
    %pushi/vec4 1416, 0, 18;
    %ix/load 4, 1, 0;
    %flag_set/imm 4, 0;
    %store/vec4a v0x56265b06b4c0, 4, 0;
    %pushi/vec4 1544, 0, 18;
    %ix/load 4, 2, 0;
    %flag_set/imm 4, 0;
    %store/vec4a v0x56265b06b4c0, 4, 0;
    %pushi/vec4 1672, 0, 18;
    %ix/load 4, 3, 0;
    %flag_set/imm 4, 0;
    %store/vec4a v0x56265b06b4c0, 4, 0;
    %pushi/vec4 16384, 0, 18;
    %ix/load 4, 4, 0;
    %flag_set/imm 4, 0;
    %store/vec4a v0x56265b06b4c0, 4, 0;
    %pushi/vec4 32776, 0, 18;
    %ix/load 4, 5, 0;
    %flag_set/imm 4, 0;
    %store/vec4a v0x56265b06b4c0, 4, 0;
    %pushi/vec4 32776, 0, 18;
    %ix/load 4, 6, 0;
    %flag_set/imm 4, 0;
    %store/vec4a v0x56265b06b4c0, 4, 0;
    %pushi/vec4 8, 0, 18;
    %ix/load 4, 7, 0;
    %flag_set/imm 4, 0;
    %store/vec4a v0x56265b06b4c0, 4, 0;
    %pushi/vec4 8, 0, 18;
    %ix/load 4, 8, 0;
    %flag_set/imm 4, 0;
    %store/vec4a v0x56265b06b4c0, 4, 0;
    %pushi/vec4 136, 0, 18;
    %ix/load 4, 9, 0;
    %flag_set/imm 4, 0;
    %store/vec4a v0x56265b06b4c0, 4, 0;
    %pushi/vec4 136, 0, 18;
    %ix/load 4, 10, 0;
    %flag_set/imm 4, 0;
    %store/vec4a v0x56265b06b4c0, 4, 0;
    %pushi/vec4 904, 0, 18;
    %ix/load 4, 11, 0;
    %flag_set/imm 4, 0;
    %store/vec4a v0x56265b06b4c0, 4, 0;
    %pushi/vec4 1032, 0, 18;
    %ix/load 4, 12, 0;
    %flag_set/imm 4, 0;
    %store/vec4a v0x56265b06b4c0, 4, 0;
    %pushi/vec4 4608, 0, 18;
    %ix/load 4, 13, 0;
    %flag_set/imm 4, 0;
    %store/vec4a v0x56265b06b4c0, 4, 0;
    %pushi/vec4 4608, 0, 18;
    %ix/load 4, 14, 0;
    %flag_set/imm 4, 0;
    %store/vec4a v0x56265b06b4c0, 4, 0;
    %pushi/vec4 4736, 0, 18;
    %ix/load 4, 15, 0;
    %flag_set/imm 4, 0;
    %store/vec4a v0x56265b06b4c0, 4, 0;
    %pushi/vec4 4864, 0, 18;
    %ix/load 4, 16, 0;
    %flag_set/imm 4, 0;
    %store/vec4a v0x56265b06b4c0, 4, 0;
    %pushi/vec4 1160, 0, 18;
    %ix/load 4, 17, 0;
    %flag_set/imm 4, 0;
    %store/vec4a v0x56265b06b4c0, 4, 0;
    %pushi/vec4 1800, 0, 18;
    %ix/load 4, 18, 0;
    %flag_set/imm 4, 0;
    %store/vec4a v0x56265b06b4c0, 4, 0;
    %pushi/vec4 520, 0, 18;
    %ix/load 4, 19, 0;
    %flag_set/imm 4, 0;
    %store/vec4a v0x56265b06b4c0, 4, 0;
    %pushi/vec4 1288, 0, 18;
    %ix/load 4, 20, 0;
    %flag_set/imm 4, 0;
    %store/vec4a v0x56265b06b4c0, 4, 0;
    %pushi/vec4 0, 0, 18;
    %ix/load 4, 21, 0;
    %flag_set/imm 4, 0;
    %store/vec4a v0x56265b06b4c0, 4, 0;
    %pushi/vec4 0, 0, 18;
    %ix/load 4, 22, 0;
    %flag_set/imm 4, 0;
    %store/vec4a v0x56265b06b4c0, 4, 0;
    %pushi/vec4 0, 0, 18;
    %ix/load 4, 23, 0;
    %flag_set/imm 4, 0;
    %store/vec4a v0x56265b06b4c0, 4, 0;
    %pushi/vec4 64, 0, 18;
    %ix/load 4, 24, 0;
    %flag_set/imm 4, 0;
    %store/vec4a v0x56265b06b4c0, 4, 0;
    %pushi/vec4 64, 0, 18;
    %ix/load 4, 25, 0;
    %flag_set/imm 4, 0;
    %store/vec4a v0x56265b06b4c0, 4, 0;
    %pushi/vec4 64, 0, 18;
    %ix/load 4, 26, 0;
    %flag_set/imm 4, 0;
    %store/vec4a v0x56265b06b4c0, 4, 0;
    %pushi/vec4 64, 0, 18;
    %ix/load 4, 27, 0;
    %flag_set/imm 4, 0;
    %store/vec4a v0x56265b06b4c0, 4, 0;
    %pushi/vec4 64, 0, 18;
    %ix/load 4, 28, 0;
    %flag_set/imm 4, 0;
    %store/vec4a v0x56265b06b4c0, 4, 0;
    %pushi/vec4 64, 0, 18;
    %ix/load 4, 29, 0;
    %flag_set/imm 4, 0;
    %store/vec4a v0x56265b06b4c0, 4, 0;
    %pushi/vec4 64, 0, 18;
    %ix/load 4, 30, 0;
    %flag_set/imm 4, 0;
    %store/vec4a v0x56265b06b4c0, 4, 0;
    %pushi/vec4 64, 0, 18;
    %ix/load 4, 31, 0;
    %flag_set/imm 4, 0;
    %store/vec4a v0x56265b06b4c0, 4, 0;
    %pushi/vec4 131144, 0, 18;
    %ix/load 4, 32, 0;
    %flag_set/imm 4, 0;
    %store/vec4a v0x56265b06b4c0, 4, 0;
    %pushi/vec4 131144, 0, 18;
    %ix/load 4, 33, 0;
    %flag_set/imm 4, 0;
    %store/vec4a v0x56265b06b4c0, 4, 0;
    %pushi/vec4 131144, 0, 18;
    %ix/load 4, 34, 0;
    %flag_set/imm 4, 0;
    %store/vec4a v0x56265b06b4c0, 4, 0;
    %pushi/vec4 131144, 0, 18;
    %ix/load 4, 35, 0;
    %flag_set/imm 4, 0;
    %store/vec4a v0x56265b06b4c0, 4, 0;
    %pushi/vec4 131144, 0, 18;
    %ix/load 4, 36, 0;
    %flag_set/imm 4, 0;
    %store/vec4a v0x56265b06b4c0, 4, 0;
    %pushi/vec4 131144, 0, 18;
    %ix/load 4, 37, 0;
    %flag_set/imm 4, 0;
    %store/vec4a v0x56265b06b4c0, 4, 0;
    %pushi/vec4 131144, 0, 18;
    %ix/load 4, 38, 0;
    %flag_set/imm 4, 0;
    %store/vec4a v0x56265b06b4c0, 4, 0;
    %pushi/vec4 131144, 0, 18;
    %ix/load 4, 39, 0;
    %flag_set/imm 4, 0;
    %store/vec4a v0x56265b06b4c0, 4, 0;
    %pushi/vec4 160, 0, 18;
    %ix/load 4, 40, 0;
    %flag_set/imm 4, 0;
    %store/vec4a v0x56265b06b4c0, 4, 0;
    %pushi/vec4 160, 0, 18;
    %ix/load 4, 41, 0;
    %flag_set/imm 4, 0;
    %store/vec4a v0x56265b06b4c0, 4, 0;
    %pushi/vec4 160, 0, 18;
    %ix/load 4, 42, 0;
    %flag_set/imm 4, 0;
    %store/vec4a v0x56265b06b4c0, 4, 0;
    %pushi/vec4 160, 0, 18;
    %ix/load 4, 43, 0;
    %flag_set/imm 4, 0;
    %store/vec4a v0x56265b06b4c0, 4, 0;
    %pushi/vec4 160, 0, 18;
    %ix/load 4, 44, 0;
    %flag_set/imm 4, 0;
    %store/vec4a v0x56265b06b4c0, 4, 0;
    %pushi/vec4 160, 0, 18;
    %ix/load 4, 45, 0;
    %flag_set/imm 4, 0;
    %store/vec4a v0x56265b06b4c0, 4, 0;
    %pushi/vec4 160, 0, 18;
    %ix/load 4, 46, 0;
    %flag_set/imm 4, 0;
    %store/vec4a v0x56265b06b4c0, 4, 0;
    %pushi/vec4 160, 0, 18;
    %ix/load 4, 47, 0;
    %flag_set/imm 4, 0;
    %store/vec4a v0x56265b06b4c0, 4, 0;
    %pushi/vec4 8352, 0, 18;
    %ix/load 4, 48, 0;
    %flag_set/imm 4, 0;
    %store/vec4a v0x56265b06b4c0, 4, 0;
    %pushi/vec4 8352, 0, 18;
    %ix/load 4, 49, 0;
    %flag_set/imm 4, 0;
    %store/vec4a v0x56265b06b4c0, 4, 0;
    %pushi/vec4 8352, 0, 18;
    %ix/load 4, 50, 0;
    %flag_set/imm 4, 0;
    %store/vec4a v0x56265b06b4c0, 4, 0;
    %pushi/vec4 8352, 0, 18;
    %ix/load 4, 51, 0;
    %flag_set/imm 4, 0;
    %store/vec4a v0x56265b06b4c0, 4, 0;
    %pushi/vec4 8352, 0, 18;
    %ix/load 4, 52, 0;
    %flag_set/imm 4, 0;
    %store/vec4a v0x56265b06b4c0, 4, 0;
    %pushi/vec4 8352, 0, 18;
    %ix/load 4, 53, 0;
    %flag_set/imm 4, 0;
    %store/vec4a v0x56265b06b4c0, 4, 0;
    %pushi/vec4 8352, 0, 18;
    %ix/load 4, 54, 0;
    %flag_set/imm 4, 0;
    %store/vec4a v0x56265b06b4c0, 4, 0;
    %pushi/vec4 8352, 0, 18;
    %ix/load 4, 55, 0;
    %flag_set/imm 4, 0;
    %store/vec4a v0x56265b06b4c0, 4, 0;
    %pushi/vec4 11, 0, 18;
    %ix/load 4, 56, 0;
    %flag_set/imm 4, 0;
    %store/vec4a v0x56265b06b4c0, 4, 0;
    %pushi/vec4 11, 0, 18;
    %ix/load 4, 57, 0;
    %flag_set/imm 4, 0;
    %store/vec4a v0x56265b06b4c0, 4, 0;
    %pushi/vec4 11, 0, 18;
    %ix/load 4, 58, 0;
    %flag_set/imm 4, 0;
    %store/vec4a v0x56265b06b4c0, 4, 0;
    %pushi/vec4 11, 0, 18;
    %ix/load 4, 59, 0;
    %flag_set/imm 4, 0;
    %store/vec4a v0x56265b06b4c0, 4, 0;
    %pushi/vec4 11, 0, 18;
    %ix/load 4, 60, 0;
    %flag_set/imm 4, 0;
    %store/vec4a v0x56265b06b4c0, 4, 0;
    %pushi/vec4 11, 0, 18;
    %ix/load 4, 61, 0;
    %flag_set/imm 4, 0;
    %store/vec4a v0x56265b06b4c0, 4, 0;
    %pushi/vec4 11, 0, 18;
    %ix/load 4, 62, 0;
    %flag_set/imm 4, 0;
    %store/vec4a v0x56265b06b4c0, 4, 0;
    %pushi/vec4 11, 0, 18;
    %ix/load 4, 63, 0;
    %flag_set/imm 4, 0;
    %store/vec4a v0x56265b06b4c0, 4, 0;
    %pushi/vec4 11, 0, 18;
    %ix/load 4, 64, 0;
    %flag_set/imm 4, 0;
    %store/vec4a v0x56265b06b4c0, 4, 0;
    %pushi/vec4 11, 0, 18;
    %ix/load 4, 65, 0;
    %flag_set/imm 4, 0;
    %store/vec4a v0x56265b06b4c0, 4, 0;
    %pushi/vec4 11, 0, 18;
    %ix/load 4, 66, 0;
    %flag_set/imm 4, 0;
    %store/vec4a v0x56265b06b4c0, 4, 0;
    %pushi/vec4 11, 0, 18;
    %ix/load 4, 67, 0;
    %flag_set/imm 4, 0;
    %store/vec4a v0x56265b06b4c0, 4, 0;
    %pushi/vec4 11, 0, 18;
    %ix/load 4, 68, 0;
    %flag_set/imm 4, 0;
    %store/vec4a v0x56265b06b4c0, 4, 0;
    %pushi/vec4 11, 0, 18;
    %ix/load 4, 69, 0;
    %flag_set/imm 4, 0;
    %store/vec4a v0x56265b06b4c0, 4, 0;
    %pushi/vec4 11, 0, 18;
    %ix/load 4, 70, 0;
    %flag_set/imm 4, 0;
    %store/vec4a v0x56265b06b4c0, 4, 0;
    %pushi/vec4 11, 0, 18;
    %ix/load 4, 71, 0;
    %flag_set/imm 4, 0;
    %store/vec4a v0x56265b06b4c0, 4, 0;
    %pushi/vec4 1803, 0, 18;
    %ix/load 4, 72, 0;
    %flag_set/imm 4, 0;
    %store/vec4a v0x56265b06b4c0, 4, 0;
    %pushi/vec4 1803, 0, 18;
    %ix/load 4, 73, 0;
    %flag_set/imm 4, 0;
    %store/vec4a v0x56265b06b4c0, 4, 0;
    %pushi/vec4 1803, 0, 18;
    %ix/load 4, 74, 0;
    %flag_set/imm 4, 0;
    %store/vec4a v0x56265b06b4c0, 4, 0;
    %pushi/vec4 1803, 0, 18;
    %ix/load 4, 75, 0;
    %flag_set/imm 4, 0;
    %store/vec4a v0x56265b06b4c0, 4, 0;
    %pushi/vec4 1803, 0, 18;
    %ix/load 4, 76, 0;
    %flag_set/imm 4, 0;
    %store/vec4a v0x56265b06b4c0, 4, 0;
    %pushi/vec4 1803, 0, 18;
    %ix/load 4, 77, 0;
    %flag_set/imm 4, 0;
    %store/vec4a v0x56265b06b4c0, 4, 0;
    %pushi/vec4 1803, 0, 18;
    %ix/load 4, 78, 0;
    %flag_set/imm 4, 0;
    %store/vec4a v0x56265b06b4c0, 4, 0;
    %pushi/vec4 1803, 0, 18;
    %ix/load 4, 79, 0;
    %flag_set/imm 4, 0;
    %store/vec4a v0x56265b06b4c0, 4, 0;
    %pushi/vec4 1803, 0, 18;
    %ix/load 4, 80, 0;
    %flag_set/imm 4, 0;
    %store/vec4a v0x56265b06b4c0, 4, 0;
    %pushi/vec4 1803, 0, 18;
    %ix/load 4, 81, 0;
    %flag_set/imm 4, 0;
    %store/vec4a v0x56265b06b4c0, 4, 0;
    %pushi/vec4 1803, 0, 18;
    %ix/load 4, 82, 0;
    %flag_set/imm 4, 0;
    %store/vec4a v0x56265b06b4c0, 4, 0;
    %pushi/vec4 1803, 0, 18;
    %ix/load 4, 83, 0;
    %flag_set/imm 4, 0;
    %store/vec4a v0x56265b06b4c0, 4, 0;
    %pushi/vec4 1803, 0, 18;
    %ix/load 4, 84, 0;
    %flag_set/imm 4, 0;
    %store/vec4a v0x56265b06b4c0, 4, 0;
    %pushi/vec4 1803, 0, 18;
    %ix/load 4, 85, 0;
    %flag_set/imm 4, 0;
    %store/vec4a v0x56265b06b4c0, 4, 0;
    %pushi/vec4 1803, 0, 18;
    %ix/load 4, 86, 0;
    %flag_set/imm 4, 0;
    %store/vec4a v0x56265b06b4c0, 4, 0;
    %pushi/vec4 1803, 0, 18;
    %ix/load 4, 87, 0;
    %flag_set/imm 4, 0;
    %store/vec4a v0x56265b06b4c0, 4, 0;
    %pushi/vec4 907, 0, 18;
    %ix/load 4, 88, 0;
    %flag_set/imm 4, 0;
    %store/vec4a v0x56265b06b4c0, 4, 0;
    %pushi/vec4 907, 0, 18;
    %ix/load 4, 89, 0;
    %flag_set/imm 4, 0;
    %store/vec4a v0x56265b06b4c0, 4, 0;
    %pushi/vec4 907, 0, 18;
    %ix/load 4, 90, 0;
    %flag_set/imm 4, 0;
    %store/vec4a v0x56265b06b4c0, 4, 0;
    %pushi/vec4 907, 0, 18;
    %ix/load 4, 91, 0;
    %flag_set/imm 4, 0;
    %store/vec4a v0x56265b06b4c0, 4, 0;
    %pushi/vec4 907, 0, 18;
    %ix/load 4, 92, 0;
    %flag_set/imm 4, 0;
    %store/vec4a v0x56265b06b4c0, 4, 0;
    %pushi/vec4 907, 0, 18;
    %ix/load 4, 93, 0;
    %flag_set/imm 4, 0;
    %store/vec4a v0x56265b06b4c0, 4, 0;
    %pushi/vec4 907, 0, 18;
    %ix/load 4, 94, 0;
    %flag_set/imm 4, 0;
    %store/vec4a v0x56265b06b4c0, 4, 0;
    %pushi/vec4 907, 0, 18;
    %ix/load 4, 95, 0;
    %flag_set/imm 4, 0;
    %store/vec4a v0x56265b06b4c0, 4, 0;
    %pushi/vec4 1035, 0, 18;
    %ix/load 4, 96, 0;
    %flag_set/imm 4, 0;
    %store/vec4a v0x56265b06b4c0, 4, 0;
    %pushi/vec4 1035, 0, 18;
    %ix/load 4, 97, 0;
    %flag_set/imm 4, 0;
    %store/vec4a v0x56265b06b4c0, 4, 0;
    %pushi/vec4 1035, 0, 18;
    %ix/load 4, 98, 0;
    %flag_set/imm 4, 0;
    %store/vec4a v0x56265b06b4c0, 4, 0;
    %pushi/vec4 1035, 0, 18;
    %ix/load 4, 99, 0;
    %flag_set/imm 4, 0;
    %store/vec4a v0x56265b06b4c0, 4, 0;
    %pushi/vec4 1035, 0, 18;
    %ix/load 4, 100, 0;
    %flag_set/imm 4, 0;
    %store/vec4a v0x56265b06b4c0, 4, 0;
    %pushi/vec4 1035, 0, 18;
    %ix/load 4, 101, 0;
    %flag_set/imm 4, 0;
    %store/vec4a v0x56265b06b4c0, 4, 0;
    %pushi/vec4 1035, 0, 18;
    %ix/load 4, 102, 0;
    %flag_set/imm 4, 0;
    %store/vec4a v0x56265b06b4c0, 4, 0;
    %pushi/vec4 1035, 0, 18;
    %ix/load 4, 103, 0;
    %flag_set/imm 4, 0;
    %store/vec4a v0x56265b06b4c0, 4, 0;
    %pushi/vec4 66571, 0, 18;
    %ix/load 4, 104, 0;
    %flag_set/imm 4, 0;
    %store/vec4a v0x56265b06b4c0, 4, 0;
    %pushi/vec4 66571, 0, 18;
    %ix/load 4, 105, 0;
    %flag_set/imm 4, 0;
    %store/vec4a v0x56265b06b4c0, 4, 0;
    %pushi/vec4 66571, 0, 18;
    %ix/load 4, 106, 0;
    %flag_set/imm 4, 0;
    %store/vec4a v0x56265b06b4c0, 4, 0;
    %pushi/vec4 66571, 0, 18;
    %ix/load 4, 107, 0;
    %flag_set/imm 4, 0;
    %store/vec4a v0x56265b06b4c0, 4, 0;
    %pushi/vec4 66571, 0, 18;
    %ix/load 4, 108, 0;
    %flag_set/imm 4, 0;
    %store/vec4a v0x56265b06b4c0, 4, 0;
    %pushi/vec4 66571, 0, 18;
    %ix/load 4, 109, 0;
    %flag_set/imm 4, 0;
    %store/vec4a v0x56265b06b4c0, 4, 0;
    %pushi/vec4 66571, 0, 18;
    %ix/load 4, 110, 0;
    %flag_set/imm 4, 0;
    %store/vec4a v0x56265b06b4c0, 4, 0;
    %pushi/vec4 66571, 0, 18;
    %ix/load 4, 111, 0;
    %flag_set/imm 4, 0;
    %store/vec4a v0x56265b06b4c0, 4, 0;
    %pushi/vec4 2063, 0, 18;
    %ix/load 4, 112, 0;
    %flag_set/imm 4, 0;
    %store/vec4a v0x56265b06b4c0, 4, 0;
    %pushi/vec4 2063, 0, 18;
    %ix/load 4, 113, 0;
    %flag_set/imm 4, 0;
    %store/vec4a v0x56265b06b4c0, 4, 0;
    %pushi/vec4 2063, 0, 18;
    %ix/load 4, 114, 0;
    %flag_set/imm 4, 0;
    %store/vec4a v0x56265b06b4c0, 4, 0;
    %pushi/vec4 2063, 0, 18;
    %ix/load 4, 115, 0;
    %flag_set/imm 4, 0;
    %store/vec4a v0x56265b06b4c0, 4, 0;
    %pushi/vec4 2063, 0, 18;
    %ix/load 4, 116, 0;
    %flag_set/imm 4, 0;
    %store/vec4a v0x56265b06b4c0, 4, 0;
    %pushi/vec4 2063, 0, 18;
    %ix/load 4, 117, 0;
    %flag_set/imm 4, 0;
    %store/vec4a v0x56265b06b4c0, 4, 0;
    %pushi/vec4 2063, 0, 18;
    %ix/load 4, 118, 0;
    %flag_set/imm 4, 0;
    %store/vec4a v0x56265b06b4c0, 4, 0;
    %pushi/vec4 2063, 0, 18;
    %ix/load 4, 119, 0;
    %flag_set/imm 4, 0;
    %store/vec4a v0x56265b06b4c0, 4, 0;
    %pushi/vec4 18, 0, 18;
    %ix/load 4, 120, 0;
    %flag_set/imm 4, 0;
    %store/vec4a v0x56265b06b4c0, 4, 0;
    %pushi/vec4 18, 0, 18;
    %ix/load 4, 121, 0;
    %flag_set/imm 4, 0;
    %store/vec4a v0x56265b06b4c0, 4, 0;
    %pushi/vec4 18, 0, 18;
    %ix/load 4, 122, 0;
    %flag_set/imm 4, 0;
    %store/vec4a v0x56265b06b4c0, 4, 0;
    %pushi/vec4 18, 0, 18;
    %ix/load 4, 123, 0;
    %flag_set/imm 4, 0;
    %store/vec4a v0x56265b06b4c0, 4, 0;
    %pushi/vec4 18, 0, 18;
    %ix/load 4, 124, 0;
    %flag_set/imm 4, 0;
    %store/vec4a v0x56265b06b4c0, 4, 0;
    %pushi/vec4 18, 0, 18;
    %ix/load 4, 125, 0;
    %flag_set/imm 4, 0;
    %store/vec4a v0x56265b06b4c0, 4, 0;
    %pushi/vec4 18, 0, 18;
    %ix/load 4, 126, 0;
    %flag_set/imm 4, 0;
    %store/vec4a v0x56265b06b4c0, 4, 0;
    %pushi/vec4 18, 0, 18;
    %ix/load 4, 127, 0;
    %flag_set/imm 4, 0;
    %store/vec4a v0x56265b06b4c0, 4, 0;
    %end;
    .thread T_20;
    .scope S_0x56265b071b80;
T_21 ;
    %wait E_0x56265b071ee0;
    %load/vec4 v0x56265b072400_0;
    %dup/vec4;
    %pushi/vec4 0, 0, 2;
    %cmp/u;
    %jmp/1 T_21.0, 6;
    %dup/vec4;
    %pushi/vec4 1, 0, 2;
    %cmp/u;
    %jmp/1 T_21.1, 6;
    %dup/vec4;
    %pushi/vec4 2, 0, 2;
    %cmp/u;
    %jmp/1 T_21.2, 6;
    %dup/vec4;
    %pushi/vec4 3, 0, 2;
    %cmp/u;
    %jmp/1 T_21.3, 6;
    %pushi/vec4 0, 0, 8;
    %store/vec4 v0x56265b072310_0, 0, 8;
    %jmp T_21.5;
T_21.0 ;
    %load/vec4 v0x56265b071f70_0;
    %store/vec4 v0x56265b072310_0, 0, 8;
    %jmp T_21.5;
T_21.1 ;
    %load/vec4 v0x56265b072080_0;
    %store/vec4 v0x56265b072310_0, 0, 8;
    %jmp T_21.5;
T_21.2 ;
    %load/vec4 v0x56265b072170_0;
    %store/vec4 v0x56265b072310_0, 0, 8;
    %jmp T_21.5;
T_21.3 ;
    %load/vec4 v0x56265b072240_0;
    %store/vec4 v0x56265b072310_0, 0, 8;
    %jmp T_21.5;
T_21.5 ;
    %pop/vec4 1;
    %jmp T_21;
    .thread T_21, $push;
    .scope S_0x56265b06f3d0;
T_22 ;
    %wait E_0x56265b06f6f0;
    %load/vec4 v0x56265b06fa50_0;
    %dup/vec4;
    %pushi/vec4 0, 0, 1;
    %cmp/u;
    %jmp/1 T_22.0, 6;
    %dup/vec4;
    %pushi/vec4 1, 0, 1;
    %cmp/u;
    %jmp/1 T_22.1, 6;
    %pushi/vec4 0, 0, 2;
    %store/vec4 v0x56265b06f960_0, 0, 2;
    %jmp T_22.3;
T_22.0 ;
    %load/vec4 v0x56265b06f780_0;
    %store/vec4 v0x56265b06f960_0, 0, 2;
    %jmp T_22.3;
T_22.1 ;
    %load/vec4 v0x56265b06f880_0;
    %store/vec4 v0x56265b06f960_0, 0, 2;
    %jmp T_22.3;
T_22.3 ;
    %pop/vec4 1;
    %jmp T_22;
    .thread T_22, $push;
    .scope S_0x56265b06fbe0;
T_23 ;
    %wait E_0x56265b06ff00;
    %load/vec4 v0x56265b070260_0;
    %dup/vec4;
    %pushi/vec4 0, 0, 1;
    %cmp/u;
    %jmp/1 T_23.0, 6;
    %dup/vec4;
    %pushi/vec4 1, 0, 1;
    %cmp/u;
    %jmp/1 T_23.1, 6;
    %pushi/vec4 0, 0, 8;
    %store/vec4 v0x56265b070190_0, 0, 8;
    %jmp T_23.3;
T_23.0 ;
    %load/vec4 v0x56265b06ff90_0;
    %store/vec4 v0x56265b070190_0, 0, 8;
    %jmp T_23.3;
T_23.1 ;
    %load/vec4 v0x56265b0700a0_0;
    %store/vec4 v0x56265b070190_0, 0, 8;
    %jmp T_23.3;
T_23.3 ;
    %pop/vec4 1;
    %jmp T_23;
    .thread T_23, $push;
    .scope S_0x56265b04e700;
T_24 ;
    %wait E_0x56265afc2f10;
    %load/vec4 v0x56265b022a30_0;
    %dup/vec4;
    %pushi/vec4 0, 0, 4;
    %cmp/u;
    %jmp/1 T_24.0, 6;
    %dup/vec4;
    %pushi/vec4 1, 0, 4;
    %cmp/u;
    %jmp/1 T_24.1, 6;
    %dup/vec4;
    %pushi/vec4 4, 0, 4;
    %cmp/u;
    %jmp/1 T_24.2, 6;
    %dup/vec4;
    %pushi/vec4 5, 0, 4;
    %cmp/u;
    %jmp/1 T_24.3, 6;
    %dup/vec4;
    %pushi/vec4 6, 0, 4;
    %cmp/u;
    %jmp/1 T_24.4, 6;
    %dup/vec4;
    %pushi/vec4 7, 0, 4;
    %cmp/u;
    %jmp/1 T_24.5, 6;
    %dup/vec4;
    %pushi/vec4 8, 0, 4;
    %cmp/u;
    %jmp/1 T_24.6, 6;
    %dup/vec4;
    %pushi/vec4 10, 0, 4;
    %cmp/u;
    %jmp/1 T_24.7, 6;
    %dup/vec4;
    %pushi/vec4 9, 0, 4;
    %cmp/u;
    %jmp/1 T_24.8, 6;
    %dup/vec4;
    %pushi/vec4 11, 0, 4;
    %cmp/u;
    %jmp/1 T_24.9, 6;
    %dup/vec4;
    %pushi/vec4 12, 0, 4;
    %cmp/u;
    %jmp/1 T_24.10, 6;
    %dup/vec4;
    %pushi/vec4 13, 0, 4;
    %cmp/u;
    %jmp/1 T_24.11, 6;
    %dup/vec4;
    %pushi/vec4 14, 0, 4;
    %cmp/u;
    %jmp/1 T_24.12, 6;
    %pushi/vec4 0, 0, 16;
    %store/vec4 v0x56265b023510_0, 0, 16;
    %pushi/vec4 0, 0, 8;
    %store/vec4 v0x56265b0178f0_0, 0, 8;
    %jmp T_24.14;
T_24.0 ;
    %load/vec4 v0x56265b014600_0;
    %pad/u 16;
    %load/vec4 v0x56265b01a460_0;
    %pad/u 16;
    %add;
    %store/vec4 v0x56265b023510_0, 0, 16;
    %pushi/vec4 0, 0, 8;
    %store/vec4 v0x56265b0178f0_0, 0, 8;
    %jmp T_24.14;
T_24.1 ;
    %load/vec4 v0x56265b014600_0;
    %pad/u 16;
    %load/vec4 v0x56265b01a460_0;
    %pad/u 16;
    %sub;
    %store/vec4 v0x56265b023510_0, 0, 16;
    %pushi/vec4 0, 0, 8;
    %store/vec4 v0x56265b0178f0_0, 0, 8;
    %jmp T_24.14;
T_24.2 ;
    %load/vec4 v0x56265b014600_0;
    %pad/u 16;
    %load/vec4 v0x56265b01a460_0;
    %pad/u 16;
    %mul;
    %store/vec4 v0x56265b023510_0, 0, 16;
    %load/vec4 v0x56265b023510_0;
    %parti/s 8, 8, 5;
    %store/vec4 v0x56265b0178f0_0, 0, 8;
    %jmp T_24.14;
T_24.3 ;
    %load/vec4 v0x56265b014600_0;
    %pad/u 16;
    %load/vec4 v0x56265b01a460_0;
    %pad/u 16;
    %div;
    %store/vec4 v0x56265b023510_0, 0, 16;
    %load/vec4 v0x56265b014600_0;
    %load/vec4 v0x56265b01a460_0;
    %mod;
    %store/vec4 v0x56265b0178f0_0, 0, 8;
    %jmp T_24.14;
T_24.4 ;
    %load/vec4 v0x56265b014600_0;
    %pad/u 16;
    %load/vec4 v0x56265b01a460_0;
    %pad/u 16;
    %div;
    %store/vec4 v0x56265b023510_0, 0, 16;
    %load/vec4 v0x56265b014600_0;
    %load/vec4 v0x56265b01a460_0;
    %mod;
    %store/vec4 v0x56265b0178f0_0, 0, 8;
    %jmp T_24.14;
T_24.5 ;
    %load/vec4 v0x56265b014600_0;
    %pad/u 16;
    %load/vec4 v0x56265b01a460_0;
    %pad/u 16;
    %and;
    %store/vec4 v0x56265b023510_0, 0, 16;
    %pushi/vec4 0, 0, 8;
    %store/vec4 v0x56265b0178f0_0, 0, 8;
    %jmp T_24.14;
T_24.6 ;
    %load/vec4 v0x56265b014600_0;
    %pad/u 16;
    %load/vec4 v0x56265b01a460_0;
    %pad/u 16;
    %or;
    %store/vec4 v0x56265b023510_0, 0, 16;
    %pushi/vec4 0, 0, 8;
    %store/vec4 v0x56265b0178f0_0, 0, 8;
    %jmp T_24.14;
T_24.7 ;
    %load/vec4 v0x56265b014600_0;
    %pad/u 16;
    %load/vec4 v0x56265b01a460_0;
    %pad/u 16;
    %xor;
    %store/vec4 v0x56265b023510_0, 0, 16;
    %pushi/vec4 0, 0, 8;
    %store/vec4 v0x56265b0178f0_0, 0, 8;
    %jmp T_24.14;
T_24.8 ;
    %load/vec4 v0x56265b014600_0;
    %pad/u 16;
    %load/vec4 v0x56265b01a460_0;
    %pad/u 16;
    %or;
    %inv;
    %store/vec4 v0x56265b023510_0, 0, 16;
    %pushi/vec4 0, 0, 8;
    %store/vec4 v0x56265b0178f0_0, 0, 8;
    %jmp T_24.14;
T_24.9 ;
    %load/vec4 v0x56265b01a460_0;
    %pad/u 16;
    %ix/getv 4, v0x56265b00d740_0;
    %shiftl 4;
    %store/vec4 v0x56265b023510_0, 0, 16;
    %pushi/vec4 0, 0, 8;
    %store/vec4 v0x56265b0178f0_0, 0, 8;
    %jmp T_24.14;
T_24.10 ;
    %load/vec4 v0x56265b01a460_0;
    %pad/u 16;
    %ix/getv 4, v0x56265b00d740_0;
    %shiftr 4;
    %store/vec4 v0x56265b023510_0, 0, 16;
    %pushi/vec4 0, 0, 8;
    %store/vec4 v0x56265b0178f0_0, 0, 8;
    %jmp T_24.14;
T_24.11 ;
    %load/vec4 v0x56265b01a460_0;
    %pad/u 16;
    %ix/getv 4, v0x56265b00d740_0;
    %shiftr 4;
    %store/vec4 v0x56265b023510_0, 0, 16;
    %pushi/vec4 0, 0, 8;
    %store/vec4 v0x56265b0178f0_0, 0, 8;
    %jmp T_24.14;
T_24.12 ;
    %load/vec4 v0x56265b014600_0;
    %load/vec4 v0x56265b01a460_0;
    %cmp/u;
    %flag_mov 8, 5;
    %jmp/0 T_24.15, 8;
    %pushi/vec4 1, 0, 16;
    %jmp/1 T_24.16, 8;
T_24.15 ; End of true expr.
    %pushi/vec4 0, 0, 16;
    %jmp/0 T_24.16, 8;
 ; End of false expr.
    %blend;
T_24.16;
    %store/vec4 v0x56265b023510_0, 0, 16;
    %pushi/vec4 0, 0, 8;
    %store/vec4 v0x56265b0178f0_0, 0, 8;
    %jmp T_24.14;
T_24.14 ;
    %pop/vec4 1;
    %jmp T_24;
    .thread T_24, $push;
    .scope S_0x56265b04e700;
T_25 ;
    %wait E_0x56265afc3380;
    %load/vec4 v0x56265b023510_0;
    %parti/s 8, 0, 2;
    %store/vec4 v0x56265b00e490_0, 0, 8;
    %jmp T_25;
    .thread T_25, $push;
    .scope S_0x56265b04fc00;
T_26 ;
    %pushi/vec4 0, 0, 1;
    %store/vec4 v0x56265b0770d0_0, 0, 1;
T_26.0 ;
    %delay 5, 0;
    %load/vec4 v0x56265b0770d0_0;
    %inv;
    %store/vec4 v0x56265b0770d0_0, 0, 1;
    %jmp T_26.0;
    %end;
    .thread T_26;
    .scope S_0x56265b04fc00;
T_27 ;
    %pushi/vec4 10, 0, 32;
T_27.0 %dup/vec4;
    %pushi/vec4 0, 0, 32;
    %cmp/s;
    %jmp/1xz T_27.1, 5;
    %jmp/1 T_27.1, 4;
    %pushi/vec4 1, 0, 32;
    %sub;
    %wait E_0x56265af751f0;
    %vpi_call 2 840 "$display", "Register:" {0 0 0};
    %pushi/vec4 0, 0, 32;
    %store/vec4 v0x56265b077a50_0, 0, 32;
T_27.2 ;
    %load/vec4 v0x56265b077a50_0;
    %cmpi/s 16, 0, 32;
    %jmp/0xz T_27.3, 5;
    %load/vec4 v0x56265b077a50_0;
    %dup/vec4;
    %pushi/vec4 0, 0, 32;
    %cmp/u;
    %jmp/1 T_27.4, 6;
    %dup/vec4;
    %pushi/vec4 1, 0, 32;
    %cmp/u;
    %jmp/1 T_27.5, 6;
    %dup/vec4;
    %pushi/vec4 2, 0, 32;
    %cmp/u;
    %jmp/1 T_27.6, 6;
    %dup/vec4;
    %pushi/vec4 3, 0, 32;
    %cmp/u;
    %jmp/1 T_27.7, 6;
    %dup/vec4;
    %pushi/vec4 4, 0, 32;
    %cmp/u;
    %jmp/1 T_27.8, 6;
    %dup/vec4;
    %pushi/vec4 5, 0, 32;
    %cmp/u;
    %jmp/1 T_27.9, 6;
    %dup/vec4;
    %pushi/vec4 6, 0, 32;
    %cmp/u;
    %jmp/1 T_27.10, 6;
    %dup/vec4;
    %pushi/vec4 7, 0, 32;
    %cmp/u;
    %jmp/1 T_27.11, 6;
    %jmp T_27.13;
T_27.4 ;
    %vpi_call 2 843 "$display", "R0 = %0d", v0x56265b077320_0 {0 0 0};
    %jmp T_27.13;
T_27.5 ;
    %vpi_call 2 844 "$display", "R1 = %0d", v0x56265b0773f0_0 {0 0 0};
    %jmp T_27.13;
T_27.6 ;
    %vpi_call 2 845 "$display", "R2 = %0d", v0x56265b0774e0_0 {0 0 0};
    %jmp T_27.13;
T_27.7 ;
    %vpi_call 2 846 "$display", "R3 = %0d", v0x56265b0775b0_0 {0 0 0};
    %jmp T_27.13;
T_27.8 ;
    %vpi_call 2 847 "$display", "R4 = %0d", v0x56265b077680_0 {0 0 0};
    %jmp T_27.13;
T_27.9 ;
    %vpi_call 2 848 "$display", "R5 = %0d", v0x56265b077750_0 {0 0 0};
    %jmp T_27.13;
T_27.10 ;
    %vpi_call 2 849 "$display", "R6 = %0d", v0x56265b0778b0_0 {0 0 0};
    %jmp T_27.13;
T_27.11 ;
    %vpi_call 2 850 "$display", "R7 = %0d", v0x56265b077980_0 {0 0 0};
    %jmp T_27.13;
T_27.13 ;
    %pop/vec4 1;
    %load/vec4 v0x56265b077a50_0;
    %addi 1, 0, 32;
    %store/vec4 v0x56265b077a50_0, 0, 32;
    %jmp T_27.2;
T_27.3 ;
    %jmp T_27.0;
T_27.1 ;
    %pop/vec4 1;
    %vpi_call 2 855 "$finish" {0 0 0};
    %end;
    .thread T_27;
# The file index is used to find the file name in the following table.
:file_names 3;
    "N/A";
    "<interactive>";
    "CPUE.v";
